TN:
SF:src/Safe7579.sol
FN:150,170,Safe7579.executeFromExecutor
FN:178,247,Safe7579._executeReturn
FN:254,293,Safe7579.validateUserOp
FN:306,323,Safe7579._validateSignatures
FN:334,382,Safe7579.isValidSignature
FN:388,421,Safe7579.installModule
FN:433,468,Safe7579.uninstallModule
FN:480,506,Safe7579.isModuleInstalled
FN:513,515,Safe7579.getNonce
FN:520,529,EIP712.encodeMessageData
FN:70,143,Safe7579.execute
FNDA:14,Safe7579.executeFromExecutor
FNDA:14,Safe7579._executeReturn
FNDA:600,Safe7579.validateUserOp
FNDA:259,Safe7579._validateSignatures
FNDA:261,Safe7579.isValidSignature
FNDA:647,Safe7579.installModule
FNDA:20,Safe7579.uninstallModule
FNDA:43,Safe7579.isModuleInstalled
FNDA:695,Safe7579.getNonce
FNDA:3,EIP712.encodeMessageData
FNDA:191,Safe7579.execute
FNF:11
FNH:11
BRDA:90,0,0,185
BRDA:90,0,1,1
BRDA:92,1,0,4
BRDA:92,1,1,1
BRDA:97,2,0,179
BRDA:97,2,1,1
BRDA:103,3,0,1
BRDA:103,3,1,1
BRDA:116,4,0,1
BRDA:116,4,1,1
BRDA:118,5,0,1
BRDA:118,5,1,1
BRDA:123,6,0,1
BRDA:123,6,1,1
BRDA:129,7,0,2
BRDA:129,7,1,1
BRDA:190,8,0,10
BRDA:190,8,1,-
BRDA:192,9,0,3
BRDA:192,9,1,1
BRDA:197,10,0,5
BRDA:197,10,1,1
BRDA:204,11,0,1
BRDA:204,11,1,1
BRDA:218,12,0,3
BRDA:218,12,1,-
BRDA:220,13,0,1
BRDA:220,13,1,-
BRDA:225,14,0,1
BRDA:225,14,1,-
BRDA:232,15,0,1
BRDA:232,15,1,-
BRDA:278,16,0,259
BRDA:278,16,1,341
BRDA:292,17,0,597
BRDA:345,18,0,2
BRDA:356,19,0,1
BRDA:356,19,1,-
BRDA:367,20,0,2
BRDA:401,21,0,295
BRDA:401,21,1,1
BRDA:403,22,0,288
BRDA:403,22,1,1
BRDA:405,23,0,21
BRDA:405,23,1,1
BRDA:407,24,0,9
BRDA:407,24,1,1
BRDA:409,25,0,7
BRDA:409,25,1,1
BRDA:411,26,1,1
BRDA:414,26,0,26
BRDA:446,27,0,2
BRDA:446,27,1,1
BRDA:448,28,0,1
BRDA:448,28,1,1
BRDA:450,29,0,3
BRDA:450,29,1,1
BRDA:452,30,0,3
BRDA:452,30,1,1
BRDA:454,31,0,6
BRDA:454,31,1,1
BRDA:456,32,1,1
BRDA:459,32,0,4
BRDA:489,33,0,9
BRDA:489,33,1,1
BRDA:494,35,0,9
BRDA:494,35,1,1
BRDA:496,36,0,6
BRDA:496,36,1,1
BRDA:498,37,0,4
BRDA:498,37,1,1
BRDA:500,38,1,1
BRDA:503,38,0,14
BRF:73
BRH:67
DA:70,191
DA:78,191
DA:79,191
DA:83,0
DA:84,0
DA:89,191
DA:90,191
DA:92,185
DA:93,4
DA:94,4
DA:97,181
DA:98,179
DA:99,179
DA:100,179
DA:103,2
DA:104,1
DA:105,1
DA:106,1
DA:110,1
DA:116,6
DA:118,5
DA:119,1
DA:120,1
DA:123,4
DA:124,1
DA:125,1
DA:126,1
DA:129,3
DA:130,2
DA:131,2
DA:132,2
DA:136,1
DA:143,1
DA:150,14
DA:161,14
DA:162,14
DA:166,0
DA:167,0
DA:170,14
DA:178,14
DA:190,14
DA:192,10
DA:193,3
DA:194,3
DA:197,7
DA:198,5
DA:199,5
DA:200,5
DA:201,5
DA:204,2
DA:205,1
DA:206,1
DA:207,1
DA:208,1
DA:212,1
DA:218,4
DA:220,3
DA:221,1
DA:222,1
DA:225,2
DA:226,1
DA:227,1
DA:228,1
DA:229,1
DA:232,1
DA:233,1
DA:234,1
DA:235,1
DA:236,1
DA:240,0
DA:247,1
DA:254,600
DA:263,600
DA:264,600
DA:268,0
DA:274,600
DA:278,600
DA:279,259
DA:282,341
DA:288,341
DA:292,600
DA:293,597
DA:306,259
DA:311,259
DA:312,259
DA:313,259
DA:314,3
DA:317,3
DA:322,256
DA:323,256
DA:334,261
DA:342,261
DA:345,261
DA:347,1
DA:348,1
DA:356,1
DA:358,2
DA:360,260
DA:362,260
DA:363,260
DA:367,260
DA:368,2
DA:371,2
DA:372,2
DA:373,2
DA:377,258
DA:382,258
DA:388,647
DA:400,647
DA:401,647
DA:402,295
DA:403,352
DA:404,288
DA:405,64
DA:406,21
DA:407,43
DA:408,9
DA:409,34
DA:410,7
DA:412,27
DA:413,15
DA:414,26
DA:415,26
DA:417,1
DA:421,295
DA:433,20
DA:445,20
DA:446,20
DA:447,2
DA:448,18
DA:449,1
DA:450,17
DA:451,3
DA:452,14
DA:453,3
DA:454,11
DA:455,6
DA:457,5
DA:458,4
DA:459,4
DA:460,4
DA:462,1
DA:468,2
DA:480,43
DA:489,43
DA:492,9
DA:493,9
DA:494,34
DA:495,9
DA:496,25
DA:497,6
DA:498,19
DA:499,4
DA:501,15
DA:502,8
DA:503,14
DA:504,14
DA:506,1
DA:513,695
DA:514,695
DA:515,695
DA:520,3
DA:529,3
LF:163
LH:157
end_of_record
TN:
SF:src/Safe7579Launchpad.sol
FN:100,101,Safe7579Launchpad.onlySupportedEntryPoint
FN:112,124,Safe7579Launchpad.initSafe7579
FN:136,149,Safe7579Launchpad.addSafe7579
FN:166,182,Safe7579Launchpad.preValidationSetup
FN:205,281,Safe7579Launchpad.validateUserOp
FN:286,322,Safe7579Launchpad._isValidSafeSigners
FN:336,371,Safe7579Launchpad.setupSafe
FN:377,380,Safe7579Launchpad.getInitHash
FN:385,388,Safe7579Launchpad._setInitHash
FN:397,410,Safe7579Launchpad.predictSafeAddress
FN:431,432,Safe7579Launchpad.hash
FN:82,87,Safe7579Launchpad.constructor
FN:90,91,Safe7579Launchpad.onlySelfDelegatecall
FN:95,96,Safe7579Launchpad.onlyProxy
FNDA:190,Safe7579Launchpad.onlySupportedEntryPoint
FNDA:95,Safe7579Launchpad.initSafe7579
FNDA:8,Safe7579Launchpad.addSafe7579
FNDA:188,Safe7579Launchpad.preValidationSetup
FNDA:190,Safe7579Launchpad.validateUserOp
FNDA:4,Safe7579Launchpad._isValidSafeSigners
FNDA:95,Safe7579Launchpad.setupSafe
FNDA:378,Safe7579Launchpad.getInitHash
FNDA:188,Safe7579Launchpad._setInitHash
FNDA:94,Safe7579Launchpad.predictSafeAddress
FNDA:284,Safe7579Launchpad.hash
FNDA:92,Safe7579Launchpad.constructor
FNDA:95,Safe7579Launchpad.onlySelfDelegatecall
FNDA:190,Safe7579Launchpad.onlyProxy
FNF:14
FNH:14
BRDA:83,0,0,-
BRDA:91,1,0,-
BRDA:96,2,0,-
BRDA:101,3,0,-
BRDA:174,4,0,-
BRDA:180,5,0,-
BRDA:182,6,0,-
BRDA:215,7,0,-
BRDA:221,8,0,-
BRDA:244,9,0,-
BRDA:257,10,0,186
BRDA:262,11,0,186
BRDA:262,11,1,-
BRDA:278,12,0,190
BRDA:315,13,0,4
BRDA:317,14,0,4
BRDA:342,15,0,-
BRDA:344,16,0,-
BRDA:368,17,0,2
BRF:19
BRH:6
DA:82,92
DA:83,92
DA:85,92
DA:86,92
DA:87,92
DA:90,95
DA:91,95
DA:95,190
DA:96,190
DA:100,190
DA:101,190
DA:112,95
DA:123,95
DA:124,95
DA:136,8
DA:147,8
DA:148,8
DA:149,8
DA:166,188
DA:174,188
DA:177,188
DA:180,188
DA:181,0
DA:182,0
DA:205,190
DA:215,190
DA:216,0
DA:219,190
DA:221,190
DA:224,190
DA:225,190
DA:228,0
DA:236,190
DA:244,190
DA:250,190
DA:251,190
DA:252,190
DA:253,190
DA:254,190
DA:255,190
DA:257,190
DA:262,186
DA:264,186
DA:267,4
DA:268,4
DA:270,4
DA:278,190
DA:281,0
DA:286,4
DA:294,4
DA:295,4
DA:297,4
DA:299,4
DA:301,4
DA:302,4
DA:304,4
DA:307,4
DA:308,4
DA:310,4
DA:312,4
DA:313,4
DA:314,4
DA:315,4
DA:316,4
DA:317,4
DA:318,4
DA:322,0
DA:336,95
DA:339,95
DA:342,95
DA:344,95
DA:346,95
DA:358,95
DA:362,95
DA:368,95
DA:371,0
DA:377,378
DA:380,0
DA:385,188
DA:388,0
DA:397,94
DA:408,94
DA:410,94
DA:431,284
DA:432,284
LF:85
LH:76
end_of_record
TN:
SF:src/core/AccessControl.sol
FN:14,16,AccessControl.onlyEntryPointOrSelf
FN:21,23,AccessControl.onlyEntryPoint
FN:28,29,AccessControl.entryPoint
FNDA:103,AccessControl.onlyEntryPointOrSelf
FNDA:600,AccessControl.onlyEntryPoint
FNDA:3302,AccessControl.entryPoint
FNF:3
FNH:3
BRDA:15,0,0,-
BRDA:22,1,0,-
BRF:2
BRH:0
DA:14,103
DA:15,103
DA:16,0
DA:21,600
DA:22,600
DA:23,0
DA:28,3302
DA:29,3302
LF:8
LH:6
end_of_record
TN:
SF:src/core/ExecutionHelper.sol
FN:110,120,ExecutionHelper._tryExec
FN:123,126,ExecutionHelper._tryDelegatecall
FN:138,170,ExecutionHelper._tryExecReturn
FN:173,186,ExecutionHelper._tryDelegatecallReturn
FN:200,231,ExecutionHelper._staticcallReturn
FN:28,38,ExecutionHelper._exec
FN:41,44,ExecutionHelper._delegatecall
FN:55,84,ExecutionHelper._execReturn
FN:87,99,ExecutionHelper._delegatecallReturn
FNDA:2,ExecutionHelper._tryExec
FNDA:20,ExecutionHelper._tryDelegatecall
FNDA:2,ExecutionHelper._tryExecReturn
FNDA:2,ExecutionHelper._tryDelegatecallReturn
FNDA:266,ExecutionHelper._staticcallReturn
FNDA:890,ExecutionHelper._exec
FNDA:748,ExecutionHelper._delegatecall
FNDA:372,ExecutionHelper._execReturn
FNDA:4,ExecutionHelper._delegatecallReturn
FNF:9
FNH:9
BRDA:38,0,0,3
BRDA:44,1,0,-
BRDA:84,2,0,1
BRDA:99,3,0,-
BRDA:120,4,0,1
BRDA:126,5,0,2
BRDA:154,6,0,1
BRDA:170,7,0,1
BRDA:186,8,0,1
BRDA:231,9,0,-
BRF:10
BRH:7
DA:28,4
DA:29,4
DA:36,886
DA:37,886
DA:38,886
DA:41,748
DA:42,748
DA:43,748
DA:44,748
DA:55,3
DA:62,3
DA:72,369
DA:81,369
DA:82,369
DA:84,369
DA:87,4
DA:95,4
DA:96,4
DA:99,4
DA:110,1
DA:111,1
DA:118,1
DA:119,1
DA:120,1
DA:123,20
DA:124,20
DA:125,20
DA:126,20
DA:138,1
DA:145,1
DA:150,1
DA:152,1
DA:153,1
DA:154,2
DA:158,1
DA:167,1
DA:168,1
DA:170,1
DA:173,2
DA:181,2
DA:182,2
DA:186,2
DA:200,266
DA:209,266
DA:210,266
DA:211,266
DA:215,0
DA:226,0
DA:227,0
DA:228,0
DA:229,0
DA:231,0
LF:52
LH:46
end_of_record
TN:
SF:src/core/Initializer.sol
FN:169,177,Initializer.setRegistry
FN:34,50,Initializer.initializeAccountWithValidators
FN:57,69,Initializer.initializeAccount
FN:76,163,Initializer._initModules
FNDA:0,Initializer.setRegistry
FNDA:190,Initializer.initializeAccountWithValidators
FNDA:103,Initializer.initializeAccount
FNDA:103,Initializer._initModules
FNF:4
FNH:3
BRDA:39,0,0,188
BRDA:89,1,0,8
BRDA:89,1,1,-
BRDA:106,2,0,-
BRF:4
BRH:2
DA:34,190
DA:39,190
DA:41,188
DA:42,188
DA:43,188
DA:44,188
DA:45,188
DA:50,188
DA:57,103
DA:67,103
DA:69,103
DA:76,103
DA:84,103
DA:85,103
DA:89,103
DA:90,8
DA:91,8
DA:92,8
DA:94,8
DA:97,8
DA:106,95
DA:107,0
DA:111,103
DA:113,103
DA:114,103
DA:115,99
DA:117,99
DA:120,99
DA:130,103
DA:131,103
DA:132,0
DA:134,0
DA:137,0
DA:147,103
DA:148,103
DA:149,0
DA:151,0
DA:154,0
DA:163,103
DA:169,0
DA:177,0
LF:41
LH:32
end_of_record
TN:
SF:src/core/ModuleManager.sol
FN:104,113,ModuleManager.getValidatorsPaginated
FN:126,127,ModuleManager.onlyExecutorModule
FN:137,146,ModuleManager._installExecutor
FN:155,164,ModuleManager._uninstallExecutor
FN:167,173,ModuleManager._isExecutorInstalled
FN:179,188,ModuleManager.getExecutorsPaginated
FN:202,230,ModuleManager._installFallbackHandler
FN:233,235,ModuleManager._isFallbackHandlerInstalled
FN:238,265,ModuleManager._uninstallFallbackHandler
FN:277,285,ModuleManager.fallback
FN:290,325,ModuleManager._callFallbackHandler
FN:343,351,ModuleManager._preHooks
FN:358,360,ModuleManager._postHooks
FN:372,376,ModuleManager.withHook
FN:379,384,ModuleManager.tryWithHook
FN:396,413,ModuleManager._installHook
FN:416,425,ModuleManager._uninstallHook
FN:428,430,ModuleManager._isHookInstalled
FN:433,434,ModuleManager.getActiveHook
FN:443,488,ModuleManager._withPreValidationHook
FN:492,504,ModuleManager._installPreValidationHook
FN:508,519,ModuleManager._installPreValidationHook4337
FN:522,533,ModuleManager._installPreValidationHook1271
FN:536,548,ModuleManager._uninstallPreValidationHook
FN:552,558,ModuleManager.getPrevalidationHook
FN:56,65,ModuleManager._installValidator
FN:562,574,ModuleManager._isPreValidationHookInstalled
FN:587,665,ModuleManager._multiTypeInstall
FN:668,746,ModuleManager._multiTypeUninstall
FN:75,84,ModuleManager._uninstallValidator
FN:92,98,ModuleManager._isValidatorInstalled
FNDA:2,ModuleManager.getValidatorsPaginated
FNDA:15,ModuleManager.onlyExecutorModule
FNDA:390,ModuleManager._installExecutor
FNDA:4,ModuleManager._uninstallExecutor
FNDA:24,ModuleManager._isExecutorInstalled
FNDA:2,ModuleManager.getExecutorsPaginated
FNDA:22,ModuleManager._installFallbackHandler
FNDA:24,ModuleManager._isFallbackHandlerInstalled
FNDA:5,ModuleManager._uninstallFallbackHandler
FNDA:19,ModuleManager.fallback
FNDA:19,ModuleManager._callFallbackHandler
FNDA:886,ModuleManager._preHooks
FNDA:857,ModuleManager._postHooks
FNDA:647,ModuleManager.withHook
FNDA:20,ModuleManager.tryWithHook
FNDA:10,ModuleManager._installHook
FNDA:5,ModuleManager._uninstallHook
FNDA:4,ModuleManager._isHookInstalled
FNDA:4,ModuleManager.getActiveHook
FNDA:861,ModuleManager._withPreValidationHook
FNDA:30,ModuleManager._installPreValidationHook
FNDA:16,ModuleManager._installPreValidationHook4337
FNDA:14,ModuleManager._installPreValidationHook1271
FNDA:6,ModuleManager._uninstallPreValidationHook
FNDA:866,ModuleManager.getPrevalidationHook
FNDA:306,ModuleManager._installValidator
FNDA:14,ModuleManager._isPreValidationHookInstalled
FNDA:7,ModuleManager._multiTypeInstall
FNDA:6,ModuleManager._multiTypeUninstall
FNDA:5,ModuleManager._uninstallValidator
FNDA:610,ModuleManager._isValidatorInstalled
FNF:31
FNH:31
BRDA:127,0,0,1
BRDA:219,1,0,2
BRDA:222,2,0,1
BRDA:226,3,0,1
BRDA:300,4,0,5
BRDA:307,5,0,-
BRDA:317,6,0,3
BRDA:324,7,0,11
BRDA:344,8,0,8
BRDA:359,9,0,7
BRDA:381,10,0,15
BRDA:381,10,1,5
BRDA:409,11,0,1
BRDA:453,12,0,256
BRDA:453,12,1,5
BRDA:476,13,0,596
BRDA:476,13,1,4
BRDA:501,14,0,16
BRDA:501,14,1,14
BRDA:503,15,0,14
BRDA:514,16,0,1
BRDA:528,17,0,1
BRDA:545,18,0,4
BRDA:545,18,1,2
BRDA:547,19,0,2
BRDA:553,20,0,603
BRDA:553,20,1,1
BRDA:555,21,0,262
BRDA:555,21,1,1
BRDA:571,22,0,7
BRDA:571,22,1,7
BRDA:573,23,0,7
BRDA:621,24,0,1
BRDA:630,25,0,3
BRDA:630,25,1,1
BRDA:636,26,0,3
BRDA:636,26,1,1
BRDA:642,27,0,1
BRDA:642,27,1,1
BRDA:648,28,0,1
BRDA:648,28,1,1
BRDA:654,29,1,1
BRDA:657,29,0,4
BRDA:702,30,0,1
BRDA:711,31,0,3
BRDA:711,31,1,1
BRDA:717,32,0,3
BRDA:717,32,1,1
BRDA:723,33,0,2
BRDA:723,33,1,1
BRDA:729,34,0,2
BRDA:729,34,1,1
BRDA:735,35,1,1
BRDA:738,35,0,2
BRF:54
BRH:53
DA:56,306
DA:64,306
DA:65,306
DA:75,5
DA:82,5
DA:83,5
DA:84,5
DA:92,610
DA:98,610
DA:104,2
DA:113,2
DA:126,15
DA:127,15
DA:137,390
DA:145,390
DA:146,390
DA:155,4
DA:162,4
DA:163,4
DA:164,4
DA:167,24
DA:173,24
DA:179,2
DA:188,2
DA:202,22
DA:211,22
DA:212,22
DA:213,22
DA:218,21
DA:219,2
DA:222,19
DA:223,1
DA:226,18
DA:228,17
DA:229,17
DA:230,17
DA:233,18
DA:234,18
DA:235,18
DA:238,5
DA:246,5
DA:247,5
DA:249,5
DA:250,5
DA:253,6
DA:262,6
DA:264,6
DA:265,6
DA:277,19
DA:285,19
DA:290,19
DA:295,19
DA:296,19
DA:297,19
DA:300,19
DA:303,0
DA:307,0
DA:308,0
DA:309,0
DA:312,2
DA:317,14
DA:318,3
DA:324,11
DA:325,11
DA:343,886
DA:344,886
DA:345,8
DA:351,8
DA:358,857
DA:359,857
DA:360,7
DA:372,647
DA:373,647
DA:374,647
DA:376,647
DA:379,20
DA:380,20
DA:381,20
DA:382,15
DA:384,15
DA:396,10
DA:406,10
DA:409,10
DA:410,1
DA:412,9
DA:413,9
DA:416,5
DA:424,5
DA:425,5
DA:428,4
DA:429,4
DA:430,4
DA:433,4
DA:434,4
DA:443,261
DA:452,261
DA:453,261
DA:454,256
DA:456,5
DA:463,5
DA:467,600
DA:475,600
DA:476,600
DA:477,596
DA:479,4
DA:488,4
DA:492,30
DA:499,30
DA:500,30
DA:501,30
DA:502,16
DA:503,14
DA:504,14
DA:508,16
DA:513,16
DA:514,16
DA:515,1
DA:519,15
DA:522,14
DA:527,14
DA:528,14
DA:529,1
DA:533,13
DA:536,6
DA:543,6
DA:544,6
DA:545,6
DA:546,4
DA:547,2
DA:548,2
DA:552,866
DA:553,866
DA:554,603
DA:555,263
DA:556,262
DA:558,1
DA:562,14
DA:570,14
DA:571,14
DA:572,7
DA:573,7
DA:574,7
DA:587,7
DA:594,7
DA:595,7
DA:596,7
DA:602,0
DA:603,0
DA:604,0
DA:606,0
DA:607,0
DA:608,0
DA:610,0
DA:611,0
DA:612,0
DA:613,0
DA:615,0
DA:616,0
DA:617,0
DA:620,7
DA:621,7
DA:624,6
DA:625,13
DA:630,13
DA:631,3
DA:636,10
DA:637,3
DA:642,7
DA:643,1
DA:648,6
DA:649,1
DA:655,5
DA:656,3
DA:657,4
DA:658,4
DA:660,1
DA:665,5
DA:668,6
DA:675,6
DA:676,6
DA:677,6
DA:683,0
DA:684,0
DA:685,0
DA:687,0
DA:688,0
DA:689,0
DA:691,0
DA:692,0
DA:693,0
DA:694,0
DA:696,0
DA:697,0
DA:698,0
DA:701,6
DA:702,6
DA:705,5
DA:706,13
DA:711,13
DA:712,3
DA:717,10
DA:718,3
DA:723,7
DA:724,2
DA:729,5
DA:730,2
DA:736,3
DA:737,2
DA:738,2
DA:739,2
DA:741,1
DA:746,4
LF:212
LH:182
end_of_record
TN:
SF:src/core/RegistryAdapter.sol
FN:18,19,RegistryAdapter.withRegistry
FN:27,31,RegistryAdapter._checkRegistry
FN:38,56,RegistryAdapter._configureRegistry
FNDA:14,RegistryAdapter.withRegistry
FNDA:772,RegistryAdapter._checkRegistry
FNDA:103,RegistryAdapter._configureRegistry
FNF:3
FNH:3
BRDA:29,0,0,772
BRDA:48,1,0,103
BRF:2
BRH:2
DA:18,14
DA:19,14
DA:27,772
DA:28,772
DA:29,772
DA:31,772
DA:38,103
DA:46,103
DA:48,103
DA:49,103
DA:56,103
LF:11
LH:11
end_of_record
TN:
SF:src/core/SafeOp.sol
FN:100,101,SafeOp.domainSeparator
FN:104,109,SafeOp.unpackVerificationGasLimit
FN:112,113,SafeOp.unpackCallGasLimit
FN:116,121,SafeOp.unpackMaxPriorityFeePerGas
FN:124,125,SafeOp.unpackMaxFeePerGas
FN:27,95,SafeOp.getSafeOp
FNDA:266,SafeOp.domainSeparator
FNDA:266,SafeOp.unpackVerificationGasLimit
FNDA:266,SafeOp.unpackCallGasLimit
FNDA:266,SafeOp.unpackMaxPriorityFeePerGas
FNDA:266,SafeOp.unpackMaxFeePerGas
FNDA:266,SafeOp.getSafeOp
FNF:6
FNH:6
DA:27,266
DA:45,266
DA:46,266
DA:47,266
DA:48,266
DA:67,266
DA:84,266
DA:92,0
DA:95,266
DA:100,266
DA:101,266
DA:104,266
DA:109,266
DA:112,266
DA:113,266
DA:116,266
DA:121,266
DA:124,266
DA:125,266
LF:19
LH:18
end_of_record
TN:
SF:src/core/SetupDCUtil.sol
FN:12,13,Safe7579DCUtilSetup.constructor
FNDA:92,Safe7579DCUtilSetup.constructor
FNF:1
FNH:1
DA:12,92
DA:13,92
LF:2
LH:2
end_of_record
TN:
SF:src/core/SupportViewer.sol
FN:23,24,SupportViewer.accountId
FN:27,41,SupportViewer.supportsExecutionMode
FN:45,49,SupportViewer.supportsModule
FNDA:1,SupportViewer.accountId
FNDA:0,SupportViewer.supportsExecutionMode
FNDA:0,SupportViewer.supportsModule
FNF:3
FNH:1
BRDA:35,0,0,-
BRDA:35,0,1,-
BRDA:36,1,0,-
BRDA:36,1,1,-
BRDA:37,2,0,-
BRDA:37,2,1,-
BRDA:40,3,0,-
BRDA:40,3,1,-
BRDA:46,5,0,-
BRDA:46,5,1,-
BRDA:47,6,0,-
BRDA:47,6,1,-
BRDA:48,7,0,-
BRDA:48,7,1,-
BRF:14
BRH:0
DA:23,1
DA:24,1
DA:27,0
DA:28,0
DA:29,0
DA:32,0
DA:33,0
DA:35,0
DA:36,0
DA:37,0
DA:38,0
DA:40,0
DA:41,0
DA:45,0
DA:46,0
DA:47,0
DA:48,0
DA:49,0
LF:18
LH:2
end_of_record
TN:
SF:src/lib/ExecutionLib.sol
FN:20,51,ExecutionLib.decodeBatch
FN:57,62,ExecutionLib.encodeBatch
FN:65,72,ExecutionLib.decodeSingle
FN:75,84,ExecutionLib.encodeSingle
FNDA:9,ExecutionLib.decodeBatch
FNDA:0,ExecutionLib.encodeBatch
FNDA:186,ExecutionLib.decodeSingle
FNDA:0,ExecutionLib.encodeSingle
FNF:4
FNH:2
BRDA:32,0,0,-
BRDA:36,1,0,-
BRDA:46,2,0,-
BRDA:51,3,0,-
BRF:4
BRH:0
DA:20,9
DA:27,0
DA:28,0
DA:29,0
DA:30,0
DA:31,0
DA:32,0
DA:33,0
DA:34,0
DA:36,0
DA:39,0
DA:40,0
DA:41,0
DA:42,0
DA:43,0
DA:44,0
DA:46,0
DA:48,0
DA:49,0
DA:51,0
DA:57,0
DA:62,0
DA:65,186
DA:70,186
DA:71,186
DA:72,186
DA:75,0
DA:84,0
LF:28
LH:5
end_of_record
TN:
SF:src/lib/ModeLib.sol
FN:108,118,ModeLib.encode
FN:125,126,ModeLib.encodeSimpleBatch
FN:129,130,ModeLib.encodeSimpleSingle
FN:133,136,ModeLib.getCallType
FN:89,104,ModeLib.decode
FNDA:204,ModeLib.encode
FNDA:7,ModeLib.encodeSimpleBatch
FNDA:183,ModeLib.encodeSimpleSingle
FNDA:0,ModeLib.getCallType
FNDA:0,ModeLib.decode
FNF:5
FNH:3
DA:89,0
DA:101,0
DA:102,0
DA:103,0
DA:104,0
DA:108,204
DA:118,204
DA:125,7
DA:126,7
DA:129,183
DA:130,183
DA:133,0
DA:136,0
LF:13
LH:6
end_of_record
TN:
SF:src/utils/DCUtil.sol
FN:103,120,BatchedExecUtil._tryExecute
FN:126,133,Safe7579DCUtil.staticCall
FN:20,28,ModuleInstallUtil.unInstallModule
FN:33,38,BatchedExecUtil.tryExecute
FN:42,47,BatchedExecUtil.execute
FN:51,60,BatchedExecUtil.executeReturn
FN:64,74,BatchedExecUtil.tryExecuteReturn
FN:78,99,BatchedExecUtil._execute
FN:9,17,ModuleInstallUtil.installModule
FNDA:4,BatchedExecUtil._tryExecute
FNDA:266,Safe7579DCUtil.staticCall
FNDA:17,ModuleInstallUtil.unInstallModule
FNDA:1,BatchedExecUtil.tryExecute
FNDA:4,BatchedExecUtil.execute
FNDA:3,BatchedExecUtil.executeReturn
FNDA:1,BatchedExecUtil.tryExecuteReturn
FNDA:14,BatchedExecUtil._execute
FNDA:743,ModuleInstallUtil.installModule
FNF:9
FNH:9
BRDA:91,0,0,-
BRDA:132,0,0,-
BRF:2
BRH:0
DA:9,743
DA:16,743
DA:17,743
DA:20,17
DA:27,17
DA:28,17
DA:33,1
DA:34,1
DA:36,1
DA:37,2
DA:38,2
DA:42,4
DA:43,4
DA:45,4
DA:46,8
DA:47,8
DA:51,3
DA:55,3
DA:56,3
DA:58,3
DA:59,6
DA:60,6
DA:64,1
DA:68,1
DA:69,1
DA:70,1
DA:72,1
DA:73,2
DA:74,2
DA:78,14
DA:89,0
DA:90,0
DA:91,0
DA:93,0
DA:94,0
DA:96,0
DA:97,0
DA:98,0
DA:99,0
DA:103,4
DA:114,0
DA:115,0
DA:116,0
DA:117,0
DA:118,0
DA:119,0
DA:120,0
DA:126,266
DA:129,0
DA:130,0
DA:131,0
DA:132,0
DA:133,0
LF:53
LH:32
end_of_record
TN:
SF:src/utils/Safe7579UserOperationBuilder.sol
FN:15,16,Safe7579UserOperationBuilder.constructor
FN:19,20,Safe7579UserOperationBuilder.entryPoint
FN:23,33,Safe7579UserOperationBuilder.getNonce
FN:36,59,Safe7579UserOperationBuilder.getCallData
FN:67,77,Safe7579UserOperationBuilder.getDummySignature
FN:87,120,Safe7579UserOperationBuilder.getSignature
FNDA:0,Safe7579UserOperationBuilder.constructor
FNDA:0,Safe7579UserOperationBuilder.entryPoint
FNDA:0,Safe7579UserOperationBuilder.getNonce
FNDA:0,Safe7579UserOperationBuilder.getCallData
FNDA:0,Safe7579UserOperationBuilder.getDummySignature
FNDA:0,Safe7579UserOperationBuilder.getSignature
FNF:6
FNH:0
BRDA:45,0,0,-
BRDA:48,1,0,-
BRDA:48,1,1,-
BRDA:96,2,0,-
BRDA:96,2,1,-
BRF:5
BRH:0
DA:15,0
DA:16,0
DA:19,0
DA:20,0
DA:23,0
DA:31,0
DA:32,0
DA:33,0
DA:36,0
DA:45,0
DA:46,0
DA:48,0
DA:49,0
DA:59,0
DA:67,0
DA:76,0
DA:77,0
DA:87,0
DA:96,0
DA:98,0
DA:103,0
DA:105,0
DA:117,0
DA:118,0
DA:119,0
DA:120,0
LF:26
LH:0
end_of_record
