TN:
SF:src/Safe7579.sol
FN:150,170,Safe7579.executeFromExecutor
FN:178,247,Safe7579._executeReturn
FN:254,291,Safe7579.validateUserOp
FN:304,321,Safe7579._validateSignatures
FN:332,382,Safe7579.isValidSignature
FN:388,421,Safe7579.installModule
FN:433,468,Safe7579.uninstallModule
FN:480,506,Safe7579.isModuleInstalled
FN:513,515,Safe7579.getNonce
FN:520,529,EIP712.encodeMessageData
FN:70,143,Safe7579.execute
FNDA:10,Safe7579.executeFromExecutor
FNDA:10,Safe7579._executeReturn
FNDA:558,Safe7579.validateUserOp
FNDA:259,Safe7579._validateSignatures
FNDA:261,Safe7579.isValidSignature
FNDA:593,Safe7579.installModule
FNDA:9,Safe7579.uninstallModule
FNDA:29,Safe7579.isModuleInstalled
FNDA:611,Safe7579.getNonce
FNDA:3,EIP712.encodeMessageData
FNDA:101,Safe7579.execute
FNF:11
FNH:11
BRDA:90,0,0,99
BRDA:90,0,1,-
BRDA:92,1,0,4
BRDA:92,1,1,-
BRDA:97,2,0,95
BRDA:97,2,1,-
BRDA:103,3,0,-
BRDA:103,3,1,-
BRDA:116,4,0,-
BRDA:116,4,1,-
BRDA:118,5,0,1
BRDA:118,5,1,-
BRDA:123,6,0,1
BRDA:123,6,1,-
BRDA:129,7,0,-
BRDA:129,7,1,-
BRDA:190,8,0,8
BRDA:190,8,1,-
BRDA:192,9,0,3
BRDA:192,9,1,-
BRDA:197,10,0,5
BRDA:197,10,1,-
BRDA:204,11,0,-
BRDA:204,11,1,-
BRDA:218,12,0,2
BRDA:218,12,1,-
BRDA:220,13,0,1
BRDA:220,13,1,-
BRDA:225,14,0,1
BRDA:225,14,1,-
BRDA:232,15,0,-
BRDA:232,15,1,-
BRDA:276,16,0,259
BRDA:276,16,1,299
BRDA:290,17,0,555
BRDA:343,18,0,2
BRDA:354,19,0,1
BRDA:354,19,1,-
BRDA:365,20,0,2
BRDA:401,21,0,283
BRDA:401,21,1,-
BRDA:403,22,0,276
BRDA:403,22,1,-
BRDA:405,23,0,2
BRDA:405,23,1,-
BRDA:407,24,0,5
BRDA:407,24,1,-
BRDA:409,25,0,4
BRDA:409,25,1,-
BRDA:411,26,1,-
BRDA:414,26,0,23
BRDA:446,27,0,2
BRDA:446,27,1,-
BRDA:448,28,0,1
BRDA:448,28,1,-
BRDA:450,29,0,1
BRDA:450,29,1,-
BRDA:452,30,0,1
BRDA:452,30,1,-
BRDA:454,31,0,2
BRDA:454,31,1,-
BRDA:456,32,1,-
BRDA:459,32,0,2
BRDA:489,33,0,6
BRDA:489,33,1,-
BRDA:494,35,0,6
BRDA:494,35,1,-
BRDA:496,36,0,3
BRDA:496,36,1,-
BRDA:498,37,0,-
BRDA:498,37,1,-
BRDA:500,38,1,-
BRDA:503,38,0,14
BRF:73
BRH:33
DA:70,101
DA:78,101
DA:79,101
DA:83,0
DA:84,0
DA:89,101
DA:90,101
DA:92,99
DA:93,4
DA:94,4
DA:97,95
DA:98,95
DA:99,95
DA:100,95
DA:103,0
DA:104,0
DA:105,0
DA:106,0
DA:110,0
DA:116,2
DA:118,2
DA:119,1
DA:120,1
DA:123,1
DA:124,1
DA:125,1
DA:126,1
DA:129,0
DA:130,0
DA:131,0
DA:132,0
DA:136,0
DA:143,0
DA:150,10
DA:161,10
DA:162,10
DA:166,0
DA:167,0
DA:170,10
DA:178,10
DA:190,10
DA:192,8
DA:193,3
DA:194,3
DA:197,5
DA:198,5
DA:199,5
DA:200,5
DA:201,5
DA:204,0
DA:205,0
DA:206,0
DA:207,0
DA:208,0
DA:212,0
DA:218,2
DA:220,2
DA:221,1
DA:222,1
DA:225,1
DA:226,1
DA:227,1
DA:228,1
DA:229,1
DA:232,0
DA:233,0
DA:234,0
DA:235,0
DA:236,0
DA:240,0
DA:247,0
DA:254,558
DA:263,558
DA:264,558
DA:268,0
DA:272,558
DA:276,558
DA:277,259
DA:280,299
DA:286,299
DA:290,558
DA:291,555
DA:304,259
DA:309,259
DA:310,259
DA:311,259
DA:312,3
DA:315,3
DA:320,256
DA:321,256
DA:332,261
DA:340,261
DA:343,261
DA:345,1
DA:346,1
DA:354,1
DA:356,2
DA:358,260
DA:360,260
DA:361,260
DA:365,260
DA:366,2
DA:370,2
DA:372,2
DA:373,2
DA:377,258
DA:382,258
DA:388,593
DA:400,593
DA:401,593
DA:402,283
DA:403,310
DA:404,276
DA:405,34
DA:406,2
DA:407,32
DA:408,5
DA:409,27
DA:410,4
DA:412,23
DA:413,11
DA:414,23
DA:415,23
DA:417,0
DA:421,283
DA:433,9
DA:445,9
DA:446,9
DA:447,2
DA:448,7
DA:449,1
DA:450,6
DA:451,1
DA:452,5
DA:453,1
DA:454,4
DA:455,2
DA:457,2
DA:458,1
DA:459,2
DA:460,2
DA:462,0
DA:468,2
DA:480,29
DA:489,29
DA:492,6
DA:493,6
DA:494,23
DA:495,6
DA:496,17
DA:497,3
DA:498,14
DA:499,0
DA:501,14
DA:502,7
DA:503,14
DA:504,14
DA:506,0
DA:513,611
DA:514,611
DA:515,611
DA:520,3
DA:529,3
LF:163
LH:130
end_of_record
TN:
SF:src/Safe7579Launchpad.sol
FN:100,101,Safe7579Launchpad.onlySupportedEntryPoint
FN:112,124,Safe7579Launchpad.initSafe7579
FN:136,149,Safe7579Launchpad.addSafe7579
FN:166,182,Safe7579Launchpad.preValidationSetup
FN:205,281,Safe7579Launchpad.validateUserOp
FN:286,322,Safe7579Launchpad._isValidSafeSigners
FN:336,371,Safe7579Launchpad.setupSafe
FN:377,380,Safe7579Launchpad.getInitHash
FN:385,388,Safe7579Launchpad._setInitHash
FN:397,410,Safe7579Launchpad.predictSafeAddress
FN:431,432,Safe7579Launchpad.hash
FN:82,87,Safe7579Launchpad.constructor
FN:90,91,Safe7579Launchpad.onlySelfDelegatecall
FN:95,96,Safe7579Launchpad.onlyProxy
FNDA:106,Safe7579Launchpad.onlySupportedEntryPoint
FNDA:53,Safe7579Launchpad.initSafe7579
FNDA:8,Safe7579Launchpad.addSafe7579
FNDA:104,Safe7579Launchpad.preValidationSetup
FNDA:106,Safe7579Launchpad.validateUserOp
FNDA:4,Safe7579Launchpad._isValidSafeSigners
FNDA:53,Safe7579Launchpad.setupSafe
FNDA:210,Safe7579Launchpad.getInitHash
FNDA:157,Safe7579Launchpad._setInitHash
FNDA:52,Safe7579Launchpad.predictSafeAddress
FNDA:158,Safe7579Launchpad.hash
FNDA:50,Safe7579Launchpad.constructor
FNDA:53,Safe7579Launchpad.onlySelfDelegatecall
FNDA:106,Safe7579Launchpad.onlyProxy
FNF:14
FNH:14
BRDA:83,0,0,-
BRDA:91,1,0,-
BRDA:96,2,0,-
BRDA:101,3,0,-
BRDA:174,4,0,-
BRDA:180,5,0,-
BRDA:182,6,0,-
BRDA:215,7,0,-
BRDA:221,8,0,-
BRDA:244,9,0,-
BRDA:257,10,0,102
BRDA:262,11,0,102
BRDA:262,11,1,-
BRDA:278,12,0,106
BRDA:315,13,0,4
BRDA:317,14,0,4
BRDA:342,15,0,-
BRDA:344,16,0,-
BRDA:368,17,0,2
BRF:19
BRH:6
DA:82,50
DA:83,50
DA:85,50
DA:86,50
DA:87,50
DA:90,53
DA:91,53
DA:95,106
DA:96,106
DA:100,106
DA:101,106
DA:112,53
DA:123,53
DA:124,53
DA:136,8
DA:147,8
DA:148,8
DA:149,8
DA:166,104
DA:174,104
DA:177,104
DA:180,104
DA:181,0
DA:182,0
DA:205,106
DA:215,106
DA:216,0
DA:219,106
DA:221,106
DA:224,106
DA:225,106
DA:228,0
DA:236,106
DA:244,106
DA:250,106
DA:251,106
DA:252,106
DA:253,106
DA:254,106
DA:255,106
DA:257,106
DA:262,102
DA:264,102
DA:267,4
DA:268,4
DA:270,4
DA:278,106
DA:281,0
DA:286,4
DA:294,4
DA:295,4
DA:297,4
DA:299,4
DA:301,4
DA:302,4
DA:304,4
DA:307,4
DA:308,4
DA:310,4
DA:312,4
DA:313,4
DA:314,4
DA:315,4
DA:316,4
DA:317,4
DA:318,4
DA:322,0
DA:336,53
DA:339,53
DA:342,53
DA:344,53
DA:346,53
DA:358,53
DA:362,53
DA:368,53
DA:371,0
DA:377,210
DA:380,0
DA:385,157
DA:388,0
DA:397,52
DA:408,52
DA:410,52
DA:431,158
DA:432,158
LF:85
LH:76
end_of_record
TN:
SF:src/core/AccessControl.sol
FN:14,16,AccessControl.onlyEntryPointOrSelf
FN:21,23,AccessControl.onlyEntryPoint
FN:28,29,AccessControl.entryPoint
FNDA:61,AccessControl.onlyEntryPointOrSelf
FNDA:558,AccessControl.onlyEntryPoint
FNDA:2853,AccessControl.entryPoint
FNF:3
FNH:3
BRDA:15,0,0,-
BRDA:22,1,0,-
BRF:2
BRH:0
DA:14,61
DA:15,61
DA:16,0
DA:21,558
DA:22,558
DA:23,0
DA:28,2853
DA:29,2853
LF:8
LH:6
end_of_record
TN:
SF:src/core/ExecutionHelper.sol
FN:110,120,ExecutionHelper._tryExec
FN:123,126,ExecutionHelper._tryDelegatecall
FN:138,170,ExecutionHelper._tryExecReturn
FN:173,186,ExecutionHelper._tryDelegatecallReturn
FN:200,231,ExecutionHelper._staticcallReturn
FN:28,38,ExecutionHelper._exec
FN:41,44,ExecutionHelper._delegatecall
FN:55,84,ExecutionHelper._execReturn
FN:87,99,ExecutionHelper._delegatecallReturn
FNDA:2,ExecutionHelper._tryExec
FNDA:10,ExecutionHelper._tryDelegatecall
FNDA:2,ExecutionHelper._tryExecReturn
FNDA:1,ExecutionHelper._tryDelegatecallReturn
FNDA:263,ExecutionHelper._staticcallReturn
FNDA:719,ExecutionHelper._exec
FNDA:661,ExecutionHelper._delegatecall
FNDA:316,ExecutionHelper._execReturn
FNDA:3,ExecutionHelper._delegatecallReturn
FNF:9
FNH:9
BRDA:38,0,0,3
BRDA:44,1,0,-
BRDA:84,2,0,1
BRDA:99,3,0,-
BRDA:120,4,0,1
BRDA:126,5,0,-
BRDA:154,6,0,1
BRDA:170,7,0,1
BRDA:186,8,0,-
BRDA:231,9,0,-
BRF:10
BRH:5
DA:28,4
DA:29,4
DA:36,715
DA:37,715
DA:38,715
DA:41,661
DA:42,661
DA:43,661
DA:44,661
DA:55,3
DA:62,3
DA:72,313
DA:81,313
DA:82,313
DA:84,313
DA:87,3
DA:95,3
DA:96,3
DA:99,3
DA:110,1
DA:111,1
DA:118,1
DA:119,1
DA:120,1
DA:123,10
DA:124,10
DA:125,10
DA:126,10
DA:138,1
DA:145,1
DA:150,1
DA:152,1
DA:153,1
DA:154,2
DA:158,1
DA:167,1
DA:168,1
DA:170,1
DA:173,1
DA:181,1
DA:182,1
DA:186,1
DA:200,263
DA:209,263
DA:210,263
DA:211,263
DA:215,0
DA:226,0
DA:227,0
DA:228,0
DA:229,0
DA:231,0
LF:52
LH:46
end_of_record
TN:
SF:src/core/Initializer.sol
FN:169,177,Initializer.setRegistry
FN:34,50,Initializer.initializeAccountWithValidators
FN:57,69,Initializer.initializeAccount
FN:76,163,Initializer._initModules
FNDA:0,Initializer.setRegistry
FNDA:106,Initializer.initializeAccountWithValidators
FNDA:61,Initializer.initializeAccount
FNDA:61,Initializer._initModules
FNF:4
FNH:3
BRDA:39,0,0,104
BRDA:89,1,0,8
BRDA:89,1,1,-
BRDA:106,2,0,-
BRF:4
BRH:2
DA:34,106
DA:39,106
DA:41,104
DA:42,104
DA:43,104
DA:44,104
DA:45,104
DA:50,104
DA:57,61
DA:67,61
DA:69,61
DA:76,61
DA:84,61
DA:85,61
DA:89,61
DA:90,8
DA:91,8
DA:92,8
DA:94,8
DA:97,8
DA:106,53
DA:107,0
DA:111,61
DA:113,61
DA:114,61
DA:115,57
DA:117,57
DA:120,57
DA:130,61
DA:131,61
DA:132,0
DA:134,0
DA:137,0
DA:147,61
DA:148,61
DA:149,0
DA:151,0
DA:154,0
DA:163,61
DA:169,0
DA:177,0
LF:41
LH:32
end_of_record
TN:
SF:src/core/ModuleManager.sol
FN:105,114,ModuleManager.getValidatorsPaginated
FN:127,128,ModuleManager.onlyExecutorModule
FN:138,147,ModuleManager._installExecutor
FN:156,165,ModuleManager._uninstallExecutor
FN:168,174,ModuleManager._isExecutorInstalled
FN:180,189,ModuleManager.getExecutorsPaginated
FN:203,232,ModuleManager._installFallbackHandler
FN:235,237,ModuleManager._isFallbackHandlerInstalled
FN:240,267,ModuleManager._uninstallFallbackHandler
FN:279,289,ModuleManager.fallback
FN:292,314,ModuleManager._callFallbackHandler
FN:332,340,ModuleManager._preHooks
FN:347,349,ModuleManager._postHooks
FN:361,365,ModuleManager.withHook
FN:368,373,ModuleManager.tryWithHook
FN:385,402,ModuleManager._installHook
FN:405,414,ModuleManager._uninstallHook
FN:417,419,ModuleManager._isHookInstalled
FN:422,423,ModuleManager.getActiveHook
FN:433,478,ModuleManager._withPreValidationHook
FN:482,498,ModuleManager._installPreValidationHook
FN:501,512,ModuleManager._installPreValidationHook4337
FN:515,526,ModuleManager._installPreValidationHook1271
FN:529,545,ModuleManager._uninstallPreValidationHook
FN:548,554,ModuleManager.getPrevalidationHook
FN:558,572,ModuleManager._isPreValidationHookInstalled
FN:57,66,ModuleManager._installValidator
FN:585,662,ModuleManager._multiTypeInstall
FN:665,739,ModuleManager._multiTypeUninstall
FN:76,85,ModuleManager._uninstallValidator
FN:93,99,ModuleManager._isValidatorInstalled
FNDA:0,ModuleManager.getValidatorsPaginated
FNDA:10,ModuleManager.onlyExecutorModule
FNDA:335,ModuleManager._installExecutor
FNDA:2,ModuleManager._uninstallExecutor
FNDA:16,ModuleManager._isExecutorInstalled
FNDA:0,ModuleManager.getExecutorsPaginated
FNDA:2,ModuleManager._installFallbackHandler
FNDA:5,ModuleManager._isFallbackHandlerInstalled
FNDA:1,ModuleManager._uninstallFallbackHandler
FNDA:1,ModuleManager.fallback
FNDA:1,ModuleManager._callFallbackHandler
FNDA:713,ModuleManager._preHooks
FNDA:708,ModuleManager._postHooks
FNDA:593,ModuleManager.withHook
FNDA:9,ModuleManager.tryWithHook
FNDA:5,ModuleManager._installHook
FNDA:1,ModuleManager._uninstallHook
FNDA:0,ModuleManager._isHookInstalled
FNDA:0,ModuleManager.getActiveHook
FNDA:819,ModuleManager._withPreValidationHook
FNDA:27,ModuleManager._installPreValidationHook
FNDA:13,ModuleManager._installPreValidationHook4337
FNDA:14,ModuleManager._installPreValidationHook1271
FNDA:4,ModuleManager._uninstallPreValidationHook
FNDA:821,ModuleManager.getPrevalidationHook
FNDA:14,ModuleManager._isPreValidationHookInstalled
FNDA:293,ModuleManager._installValidator
FNDA:4,ModuleManager._multiTypeInstall
FNDA:2,ModuleManager._multiTypeUninstall
FNDA:3,ModuleManager._uninstallValidator
FNDA:565,ModuleManager._isValidatorInstalled
FNF:31
FNH:27
BRDA:128,0,0,-
BRDA:219,1,0,-
BRDA:222,2,0,-
BRDA:226,3,0,-
BRDA:301,4,0,-
BRDA:306,5,0,-
BRDA:313,6,0,1
BRDA:333,7,0,4
BRDA:348,8,0,4
BRDA:370,9,0,8
BRDA:370,9,1,1
BRDA:398,10,0,-
BRDA:443,11,0,256
BRDA:443,11,1,5
BRDA:466,12,0,554
BRDA:466,12,1,4
BRDA:491,13,0,13
BRDA:491,13,1,-
BRDA:493,14,0,14
BRDA:493,14,1,-
BRDA:507,15,0,-
BRDA:521,16,0,1
BRDA:538,17,0,2
BRDA:538,17,1,-
BRDA:540,18,0,2
BRDA:540,18,1,-
BRDA:549,19,0,559
BRDA:549,19,1,-
BRDA:551,20,0,262
BRDA:551,20,1,-
BRDA:567,21,0,7
BRDA:567,21,1,-
BRDA:569,22,0,7
BRDA:569,22,1,-
BRDA:619,23,0,-
BRDA:628,24,0,2
BRDA:628,24,1,-
BRDA:634,25,0,2
BRDA:634,25,1,-
BRDA:640,26,0,-
BRDA:640,26,1,-
BRDA:646,27,0,-
BRDA:646,27,1,-
BRDA:651,28,1,-
BRDA:654,28,0,4
BRDA:699,29,0,-
BRDA:708,30,0,1
BRDA:708,30,1,-
BRDA:714,31,0,1
BRDA:714,31,1,-
BRDA:720,32,0,-
BRDA:720,32,1,-
BRDA:726,33,0,-
BRDA:726,33,1,-
BRDA:728,34,1,-
BRDA:731,34,0,2
BRF:56
BRH:24
DA:57,293
DA:65,293
DA:66,293
DA:76,3
DA:83,3
DA:84,3
DA:85,3
DA:93,565
DA:99,565
DA:105,0
DA:114,0
DA:127,10
DA:128,10
DA:138,335
DA:146,335
DA:147,335
DA:156,2
DA:163,2
DA:164,2
DA:165,2
DA:168,16
DA:174,16
DA:180,0
DA:189,0
DA:203,2
DA:212,2
DA:213,2
DA:218,2
DA:219,0
DA:222,2
DA:223,0
DA:226,2
DA:228,2
DA:229,2
DA:230,2
DA:232,0
DA:235,2
DA:236,2
DA:237,2
DA:240,1
DA:248,1
DA:249,1
DA:251,1
DA:252,1
DA:255,3
DA:264,3
DA:266,3
DA:267,3
DA:279,1
DA:289,1
DA:292,1
DA:297,1
DA:298,1
DA:299,1
DA:301,1
DA:306,1
DA:307,0
DA:313,1
DA:314,1
DA:332,713
DA:333,713
DA:334,4
DA:340,4
DA:347,708
DA:348,708
DA:349,4
DA:361,593
DA:362,593
DA:363,593
DA:365,593
DA:368,9
DA:369,9
DA:370,9
DA:371,8
DA:373,8
DA:385,5
DA:395,5
DA:398,5
DA:399,0
DA:401,5
DA:402,5
DA:405,1
DA:413,1
DA:414,1
DA:417,0
DA:418,0
DA:419,0
DA:422,0
DA:423,0
DA:433,261
DA:442,261
DA:443,261
DA:444,256
DA:446,5
DA:453,5
DA:457,558
DA:465,558
DA:466,558
DA:467,554
DA:469,4
DA:478,4
DA:482,27
DA:489,27
DA:490,27
DA:491,27
DA:492,13
DA:493,14
DA:494,14
DA:496,0
DA:498,0
DA:501,13
DA:506,13
DA:507,13
DA:508,0
DA:512,13
DA:515,14
DA:520,14
DA:521,14
DA:522,1
DA:526,13
DA:529,4
DA:536,4
DA:537,4
DA:538,4
DA:539,2
DA:540,2
DA:541,2
DA:543,0
DA:545,0
DA:548,821
DA:549,821
DA:550,559
DA:551,262
DA:552,262
DA:554,0
DA:558,14
DA:566,14
DA:567,14
DA:568,7
DA:569,7
DA:570,7
DA:572,0
DA:585,4
DA:592,4
DA:593,4
DA:594,4
DA:600,0
DA:601,0
DA:602,0
DA:604,0
DA:605,0
DA:606,0
DA:608,0
DA:609,0
DA:610,0
DA:611,0
DA:613,0
DA:614,0
DA:615,0
DA:618,4
DA:619,4
DA:622,4
DA:623,8
DA:628,8
DA:629,2
DA:634,6
DA:635,2
DA:640,4
DA:641,0
DA:646,4
DA:647,0
DA:652,4
DA:653,2
DA:654,4
DA:655,4
DA:657,0
DA:662,4
DA:665,2
DA:672,2
DA:673,2
DA:674,2
DA:680,0
DA:681,0
DA:682,0
DA:684,0
DA:685,0
DA:686,0
DA:688,0
DA:689,0
DA:690,0
DA:691,0
DA:693,0
DA:694,0
DA:695,0
DA:698,2
DA:699,2
DA:702,2
DA:703,4
DA:708,4
DA:709,1
DA:714,3
DA:715,1
DA:720,2
DA:721,0
DA:726,2
DA:727,0
DA:729,2
DA:730,1
DA:731,2
DA:732,2
DA:734,0
DA:739,2
LF:212
LH:159
end_of_record
TN:
SF:src/core/RegistryAdapter.sol
FN:18,19,RegistryAdapter.withRegistry
FN:27,31,RegistryAdapter._checkRegistry
FN:38,56,RegistryAdapter._configureRegistry
FNDA:10,RegistryAdapter.withRegistry
FNDA:672,RegistryAdapter._checkRegistry
FNDA:61,RegistryAdapter._configureRegistry
FNF:3
FNH:3
BRDA:29,0,0,672
BRDA:48,1,0,61
BRF:2
BRH:2
DA:18,10
DA:19,10
DA:27,672
DA:28,672
DA:29,672
DA:31,672
DA:38,61
DA:46,61
DA:48,61
DA:49,61
DA:56,61
LF:11
LH:11
end_of_record
TN:
SF:src/core/SafeOp.sol
FN:100,101,SafeOp.domainSeparator
FN:104,109,SafeOp.unpackVerificationGasLimit
FN:112,113,SafeOp.unpackCallGasLimit
FN:116,121,SafeOp.unpackMaxPriorityFeePerGas
FN:124,125,SafeOp.unpackMaxFeePerGas
FN:27,95,SafeOp.getSafeOp
FNDA:266,SafeOp.domainSeparator
FNDA:266,SafeOp.unpackVerificationGasLimit
FNDA:266,SafeOp.unpackCallGasLimit
FNDA:266,SafeOp.unpackMaxPriorityFeePerGas
FNDA:266,SafeOp.unpackMaxFeePerGas
FNDA:266,SafeOp.getSafeOp
FNF:6
FNH:6
DA:27,266
DA:45,266
DA:46,266
DA:47,266
DA:48,266
DA:67,266
DA:84,266
DA:92,0
DA:95,266
DA:100,266
DA:101,266
DA:104,266
DA:109,266
DA:112,266
DA:113,266
DA:116,266
DA:121,266
DA:124,266
DA:125,266
LF:19
LH:18
end_of_record
TN:
SF:src/core/SetupDCUtil.sol
FN:12,13,Safe7579DCUtilSetup.constructor
FNDA:50,Safe7579DCUtilSetup.constructor
FNF:1
FNH:1
DA:12,50
DA:13,50
LF:2
LH:2
end_of_record
TN:
SF:src/core/SupportViewer.sol
FN:23,24,SupportViewer.accountId
FN:27,41,SupportViewer.supportsExecutionMode
FN:45,49,SupportViewer.supportsModule
FNDA:1,SupportViewer.accountId
FNDA:0,SupportViewer.supportsExecutionMode
FNDA:0,SupportViewer.supportsModule
FNF:3
FNH:1
BRDA:35,0,0,-
BRDA:35,0,1,-
BRDA:36,1,0,-
BRDA:36,1,1,-
BRDA:37,2,0,-
BRDA:37,2,1,-
BRDA:40,3,0,-
BRDA:40,3,1,-
BRDA:46,5,0,-
BRDA:46,5,1,-
BRDA:47,6,0,-
BRDA:47,6,1,-
BRDA:48,7,0,-
BRDA:48,7,1,-
BRF:14
BRH:0
DA:23,1
DA:24,1
DA:27,0
DA:28,0
DA:29,0
DA:32,0
DA:33,0
DA:35,0
DA:36,0
DA:37,0
DA:38,0
DA:40,0
DA:41,0
DA:45,0
DA:46,0
DA:47,0
DA:48,0
DA:49,0
LF:18
LH:2
end_of_record
TN:
SF:src/lib/ExecutionLib.sol
FN:20,51,ExecutionLib.decodeBatch
FN:57,62,ExecutionLib.encodeBatch
FN:65,72,ExecutionLib.decodeSingle
FN:75,84,ExecutionLib.encodeSingle
FNDA:9,ExecutionLib.decodeBatch
FNDA:0,ExecutionLib.encodeBatch
FNDA:102,ExecutionLib.decodeSingle
FNDA:0,ExecutionLib.encodeSingle
FNF:4
FNH:2
BRDA:32,0,0,-
BRDA:36,1,0,-
BRDA:46,2,0,-
BRDA:51,3,0,-
BRF:4
BRH:0
DA:20,9
DA:27,0
DA:28,0
DA:29,0
DA:30,0
DA:31,0
DA:32,0
DA:33,0
DA:34,0
DA:36,0
DA:39,0
DA:40,0
DA:41,0
DA:42,0
DA:43,0
DA:44,0
DA:46,0
DA:48,0
DA:49,0
DA:51,0
DA:57,0
DA:62,0
DA:65,102
DA:70,102
DA:71,102
DA:72,102
DA:75,0
DA:84,0
LF:28
LH:5
end_of_record
TN:
SF:src/lib/ModeLib.sol
FN:108,118,ModeLib.encode
FN:125,126,ModeLib.encodeSimpleBatch
FN:129,130,ModeLib.encodeSimpleSingle
FN:133,136,ModeLib.getCallType
FN:89,104,ModeLib.decode
FNDA:0,ModeLib.encode
FNDA:0,ModeLib.encodeSimpleBatch
FNDA:0,ModeLib.encodeSimpleSingle
FNDA:0,ModeLib.getCallType
FNDA:0,ModeLib.decode
FNF:5
FNH:0
DA:89,0
DA:101,0
DA:102,0
DA:103,0
DA:104,0
DA:108,0
DA:118,0
DA:125,0
DA:126,0
DA:129,0
DA:130,0
DA:133,0
DA:136,0
LF:13
LH:0
end_of_record
TN:
SF:src/utils/DCUtil.sol
FN:103,120,BatchedExecUtil._tryExecute
FN:126,133,Safe7579DCUtil.staticCall
FN:20,28,ModuleInstallUtil.unInstallModule
FN:33,38,BatchedExecUtil.tryExecute
FN:42,47,BatchedExecUtil.execute
FN:51,60,BatchedExecUtil.executeReturn
FN:64,74,BatchedExecUtil.tryExecuteReturn
FN:78,99,BatchedExecUtil._execute
FN:9,17,ModuleInstallUtil.installModule
FNDA:4,BatchedExecUtil._tryExecute
FNDA:263,Safe7579DCUtil.staticCall
FNDA:9,ModuleInstallUtil.unInstallModule
FNDA:1,BatchedExecUtil.tryExecute
FNDA:4,BatchedExecUtil.execute
FNDA:3,BatchedExecUtil.executeReturn
FNDA:1,BatchedExecUtil.tryExecuteReturn
FNDA:14,BatchedExecUtil._execute
FNDA:657,ModuleInstallUtil.installModule
FNF:9
FNH:9
BRDA:91,0,0,-
BRDA:132,0,0,-
BRF:2
BRH:0
DA:9,657
DA:16,657
DA:17,657
DA:20,9
DA:27,9
DA:28,9
DA:33,1
DA:34,1
DA:36,1
DA:37,2
DA:38,2
DA:42,4
DA:43,4
DA:45,4
DA:46,8
DA:47,8
DA:51,3
DA:55,3
DA:56,3
DA:58,3
DA:59,6
DA:60,6
DA:64,1
DA:68,1
DA:69,1
DA:70,1
DA:72,1
DA:73,2
DA:74,2
DA:78,14
DA:89,0
DA:90,0
DA:91,0
DA:93,0
DA:94,0
DA:96,0
DA:97,0
DA:98,0
DA:99,0
DA:103,4
DA:114,0
DA:115,0
DA:116,0
DA:117,0
DA:118,0
DA:119,0
DA:120,0
DA:126,263
DA:129,0
DA:130,0
DA:131,0
DA:132,0
DA:133,0
LF:53
LH:32
end_of_record
TN:
SF:src/utils/Safe7579UserOperationBuilder.sol
FN:15,16,Safe7579UserOperationBuilder.constructor
FN:19,20,Safe7579UserOperationBuilder.entryPoint
FN:23,33,Safe7579UserOperationBuilder.getNonce
FN:36,59,Safe7579UserOperationBuilder.getCallData
FN:67,77,Safe7579UserOperationBuilder.getDummySignature
FN:87,120,Safe7579UserOperationBuilder.getSignature
FNDA:0,Safe7579UserOperationBuilder.constructor
FNDA:0,Safe7579UserOperationBuilder.entryPoint
FNDA:0,Safe7579UserOperationBuilder.getNonce
FNDA:0,Safe7579UserOperationBuilder.getCallData
FNDA:0,Safe7579UserOperationBuilder.getDummySignature
FNDA:0,Safe7579UserOperationBuilder.getSignature
FNF:6
FNH:0
BRDA:45,0,0,-
BRDA:48,1,0,-
BRDA:48,1,1,-
BRDA:96,2,0,-
BRDA:96,2,1,-
BRF:5
BRH:0
DA:15,0
DA:16,0
DA:19,0
DA:20,0
DA:23,0
DA:31,0
DA:32,0
DA:33,0
DA:36,0
DA:45,0
DA:46,0
DA:48,0
DA:49,0
DA:59,0
DA:67,0
DA:76,0
DA:77,0
DA:87,0
DA:96,0
DA:98,0
DA:103,0
DA:105,0
DA:117,0
DA:118,0
DA:119,0
DA:120,0
LF:26
LH:0
end_of_record
