TN:
SF:script/Deploy.s.sol
DA:19,0
FN:19,DeployScript.run
FNDA:0,DeployScript.run
DA:20,0
DA:22,0
DA:23,0
DA:25,0
DA:33,0
DA:34,0
DA:36,0
FNF:1
FNH:0
LF:8
LH:0
BRF:0
BRH:0
end_of_record
TN:
SF:script/DeployAccount.s.sol
DA:40,0
FN:40,DeployAccountScript.run
FNDA:0,DeployAccountScript.run
DA:41,0
DA:42,0
DA:43,0
DA:44,0
DA:45,0
DA:46,0
DA:48,0
DA:49,0
DA:50,0
DA:51,0
DA:55,0
DA:56,0
DA:58,0
DA:62,0
DA:96,0
DA:98,0
DA:99,0
DA:101,0
DA:102,0
DA:104,0
DA:106,0
DA:107,0
DA:109,0
DA:116,0
DA:117,0
DA:119,0
DA:121,0
DA:125,0
DA:127,0
DA:128,0
DA:130,0
DA:132,0
DA:136,0
DA:138,0
DA:141,0
FN:141,DeployAccountScript._initCode
FNDA:0,DeployAccountScript._initCode
DA:151,0
DA:160,0
FN:160,DeployAccountScript.getDefaultUserOp
FNDA:0,DeployAccountScript.getDefaultUserOp
DA:169,0
FNF:3
FNH:0
LF:39
LH:0
BRF:0
BRH:0
end_of_record
TN:
SF:script/DeployBuilder.s.sol
DA:12,0
FN:12,DeployBuilderScript.run
FNDA:0,DeployBuilderScript.run
DA:13,0
DA:15,0
DA:17,0
DA:19,0
DA:21,0
FNF:1
FNH:0
LF:6
LH:0
BRF:0
BRH:0
end_of_record
TN:
SF:src/Safe7579.sol
DA:70,101
FN:70,Safe7579.execute
FNDA:101,Safe7579.execute
DA:78,101
DA:79,101
DA:83,0
DA:84,0
DA:89,101
DA:90,101
BRDA:90,0,0,99
BRDA:90,0,1,-
DA:92,99
BRDA:92,1,0,4
BRDA:92,1,1,-
DA:93,4
DA:94,4
DA:97,95
BRDA:97,2,0,95
BRDA:97,2,1,-
DA:98,95
DA:99,95
DA:100,95
DA:103,0
BRDA:103,3,0,-
BRDA:103,3,1,-
DA:104,0
DA:105,0
DA:106,0
DA:110,0
DA:116,2
BRDA:116,4,0,-
BRDA:116,4,1,-
DA:118,2
BRDA:118,5,0,1
BRDA:118,5,1,-
DA:119,1
DA:120,1
DA:123,1
BRDA:123,6,0,1
BRDA:123,6,1,-
DA:124,1
DA:125,1
DA:126,1
DA:129,0
BRDA:129,7,0,-
BRDA:129,7,1,-
DA:130,0
DA:131,0
DA:132,0
DA:136,0
DA:143,0
DA:150,10
FN:150,Safe7579.executeFromExecutor
FNDA:10,Safe7579.executeFromExecutor
DA:161,10
DA:162,10
DA:166,0
DA:167,0
DA:170,10
DA:178,10
FN:178,Safe7579._executeReturn
FNDA:10,Safe7579._executeReturn
DA:190,10
BRDA:190,8,0,8
BRDA:190,8,1,-
DA:192,8
BRDA:192,9,0,3
BRDA:192,9,1,-
DA:193,3
DA:194,3
DA:197,5
BRDA:197,10,0,5
BRDA:197,10,1,-
DA:198,5
DA:199,5
DA:200,5
DA:201,5
DA:204,0
BRDA:204,11,0,-
BRDA:204,11,1,-
DA:205,0
DA:206,0
DA:207,0
DA:208,0
DA:212,0
DA:218,2
BRDA:218,12,0,2
BRDA:218,12,1,-
DA:220,2
BRDA:220,13,0,1
BRDA:220,13,1,-
DA:221,1
DA:222,1
DA:225,1
BRDA:225,14,0,1
BRDA:225,14,1,-
DA:226,1
DA:227,1
DA:228,1
DA:229,1
DA:232,0
BRDA:232,15,0,-
BRDA:232,15,1,-
DA:233,0
DA:234,0
DA:235,0
DA:236,0
DA:240,0
DA:247,0
DA:254,558
FN:254,Safe7579.validateUserOp
FNDA:558,Safe7579.validateUserOp
DA:263,558
DA:264,558
DA:268,0
DA:272,558
DA:276,558
BRDA:276,16,0,259
BRDA:276,16,1,299
DA:277,259
DA:280,299
DA:286,299
DA:290,558
BRDA:290,17,0,555
DA:291,555
DA:304,259
FN:304,Safe7579._validateSignatures
FNDA:259,Safe7579._validateSignatures
DA:309,259
DA:310,259
DA:311,259
DA:312,3
DA:315,3
DA:320,256
DA:321,256
DA:332,261
FN:332,Safe7579.isValidSignature
FNDA:261,Safe7579.isValidSignature
DA:340,261
DA:343,261
BRDA:343,18,0,2
DA:345,1
DA:346,1
DA:354,1
BRDA:354,19,0,1
BRDA:354,19,1,-
DA:356,2
DA:358,260
DA:360,260
DA:361,260
DA:365,260
BRDA:365,20,0,2
DA:366,2
DA:370,2
DA:372,2
DA:373,2
DA:377,258
DA:382,258
DA:388,593
FN:388,Safe7579.installModule
FNDA:593,Safe7579.installModule
DA:400,593
DA:401,593
BRDA:401,21,0,283
BRDA:401,21,1,-
DA:402,283
DA:403,310
BRDA:403,22,0,276
BRDA:403,22,1,-
DA:404,276
DA:405,34
BRDA:405,23,0,2
BRDA:405,23,1,-
DA:406,2
DA:407,32
BRDA:407,24,0,5
BRDA:407,24,1,-
DA:408,5
DA:409,27
BRDA:409,25,0,4
BRDA:409,25,1,-
DA:410,4
DA:412,23
DA:413,11
DA:414,23
BRDA:414,26,0,23
BRDA:411,26,1,-
DA:415,23
DA:417,0
DA:421,283
DA:433,9
FN:433,Safe7579.uninstallModule
FNDA:9,Safe7579.uninstallModule
DA:445,9
DA:446,9
BRDA:446,27,0,2
BRDA:446,27,1,-
DA:447,2
DA:448,7
BRDA:448,28,0,1
BRDA:448,28,1,-
DA:449,1
DA:450,6
BRDA:450,29,0,1
BRDA:450,29,1,-
DA:451,1
DA:452,5
BRDA:452,30,0,1
BRDA:452,30,1,-
DA:453,1
DA:454,4
BRDA:454,31,0,2
BRDA:454,31,1,-
DA:455,2
DA:457,2
DA:458,1
DA:459,2
BRDA:459,32,0,2
BRDA:456,32,1,-
DA:460,2
DA:462,0
DA:468,2
DA:480,29
FN:480,Safe7579.isModuleInstalled
FNDA:29,Safe7579.isModuleInstalled
DA:489,29
BRDA:489,33,0,6
BRDA:489,33,1,-
DA:492,6
DA:493,6
DA:494,23
BRDA:494,35,0,6
BRDA:494,35,1,-
DA:495,6
DA:496,17
BRDA:496,36,0,3
BRDA:496,36,1,-
DA:497,3
DA:498,14
BRDA:498,37,0,-
BRDA:498,37,1,-
DA:499,0
DA:501,14
DA:502,7
DA:503,14
BRDA:503,38,0,14
BRDA:500,38,1,-
DA:504,14
DA:506,0
DA:513,611
FN:513,Safe7579.getNonce
FNDA:611,Safe7579.getNonce
DA:514,611
DA:515,611
DA:520,3
FN:520,EIP712.encodeMessageData
FNDA:3,EIP712.encodeMessageData
DA:529,3
FNF:11
FNH:11
LF:163
LH:130
BRF:73
BRH:33
end_of_record
TN:
SF:src/Safe7579Launchpad.sol
DA:82,50
FN:82,Safe7579Launchpad.constructor
FNDA:50,Safe7579Launchpad.constructor
DA:83,50
BRDA:83,0,0,-
DA:85,50
DA:86,50
DA:87,50
DA:90,53
FN:90,Safe7579Launchpad.onlySelfDelegatecall
FNDA:53,Safe7579Launchpad.onlySelfDelegatecall
DA:91,53
BRDA:91,1,0,-
DA:95,106
FN:95,Safe7579Launchpad.onlyProxy
FNDA:106,Safe7579Launchpad.onlyProxy
DA:96,106
BRDA:96,2,0,-
DA:100,106
FN:100,Safe7579Launchpad.onlySupportedEntryPoint
FNDA:106,Safe7579Launchpad.onlySupportedEntryPoint
DA:101,106
BRDA:101,3,0,-
DA:112,53
FN:112,Safe7579Launchpad.initSafe7579
FNDA:53,Safe7579Launchpad.initSafe7579
DA:123,53
DA:124,53
DA:136,8
FN:136,Safe7579Launchpad.addSafe7579
FNDA:8,Safe7579Launchpad.addSafe7579
DA:147,8
DA:148,8
DA:149,8
DA:166,104
FN:166,Safe7579Launchpad.preValidationSetup
FNDA:104,Safe7579Launchpad.preValidationSetup
DA:174,104
BRDA:174,4,0,-
DA:177,104
DA:180,104
BRDA:180,5,0,-
DA:181,0
DA:182,0
BRDA:182,6,0,-
DA:205,106
FN:205,Safe7579Launchpad.validateUserOp
FNDA:106,Safe7579Launchpad.validateUserOp
DA:215,106
BRDA:215,7,0,-
DA:216,0
DA:219,106
DA:221,106
BRDA:221,8,0,-
DA:224,106
DA:225,106
DA:228,0
DA:236,106
DA:244,106
BRDA:244,9,0,-
DA:250,106
DA:251,106
DA:252,106
DA:253,106
DA:254,106
DA:255,106
DA:257,106
BRDA:257,10,0,102
DA:262,102
BRDA:262,11,0,102
BRDA:262,11,1,-
DA:264,102
DA:267,4
DA:268,4
DA:270,4
DA:278,106
BRDA:278,12,0,106
DA:281,0
DA:286,4
FN:286,Safe7579Launchpad._isValidSafeSigners
FNDA:4,Safe7579Launchpad._isValidSafeSigners
DA:294,4
DA:295,4
DA:297,4
DA:299,4
DA:301,4
DA:302,4
DA:304,4
DA:307,4
DA:308,4
DA:310,4
DA:312,4
DA:313,4
DA:314,4
DA:315,4
BRDA:315,13,0,4
DA:316,4
DA:317,4
BRDA:317,14,0,4
DA:318,4
DA:322,0
DA:336,53
FN:336,Safe7579Launchpad.setupSafe
FNDA:53,Safe7579Launchpad.setupSafe
DA:339,53
DA:342,53
BRDA:342,15,0,-
DA:344,53
BRDA:344,16,0,-
DA:346,53
DA:358,53
DA:362,53
DA:368,53
BRDA:368,17,0,2
DA:371,0
DA:377,210
FN:377,Safe7579Launchpad.getInitHash
FNDA:210,Safe7579Launchpad.getInitHash
DA:380,0
DA:385,157
FN:385,Safe7579Launchpad._setInitHash
FNDA:157,Safe7579Launchpad._setInitHash
DA:388,0
DA:397,52
FN:397,Safe7579Launchpad.predictSafeAddress
FNDA:52,Safe7579Launchpad.predictSafeAddress
DA:408,52
DA:410,52
DA:431,158
FN:431,Safe7579Launchpad.hash
FNDA:158,Safe7579Launchpad.hash
DA:432,158
FNF:14
FNH:14
LF:85
LH:76
BRF:19
BRH:6
end_of_record
TN:
SF:src/core/AccessControl.sol
DA:14,61
FN:14,AccessControl.onlyEntryPointOrSelf
FNDA:61,AccessControl.onlyEntryPointOrSelf
DA:15,61
BRDA:15,0,0,-
DA:16,0
DA:21,558
FN:21,AccessControl.onlyEntryPoint
FNDA:558,AccessControl.onlyEntryPoint
DA:22,558
BRDA:22,1,0,-
DA:23,0
DA:28,2853
FN:28,AccessControl.entryPoint
FNDA:2853,AccessControl.entryPoint
DA:29,2853
FNF:3
FNH:3
LF:8
LH:6
BRF:2
BRH:0
end_of_record
TN:
SF:src/core/ExecutionHelper.sol
DA:28,4
FN:28,ExecutionHelper._exec
FNDA:4,ExecutionHelper._exec
DA:29,4
DA:36,715
FN:36,ExecutionHelper._exec
FNDA:715,ExecutionHelper._exec
DA:37,715
DA:38,715
BRDA:38,0,0,3
DA:41,661
FN:41,ExecutionHelper._delegatecall
FNDA:661,ExecutionHelper._delegatecall
DA:42,661
DA:43,661
DA:44,661
BRDA:44,1,0,-
DA:55,3
FN:55,ExecutionHelper._execReturn
FNDA:3,ExecutionHelper._execReturn
DA:62,3
DA:72,313
FN:72,ExecutionHelper._execReturn
FNDA:313,ExecutionHelper._execReturn
DA:81,313
DA:82,313
DA:84,313
BRDA:84,2,0,1
DA:87,3
FN:87,ExecutionHelper._delegatecallReturn
FNDA:3,ExecutionHelper._delegatecallReturn
DA:95,3
DA:96,3
DA:99,3
BRDA:99,3,0,-
DA:110,1
FN:110,ExecutionHelper._tryExec
FNDA:1,ExecutionHelper._tryExec
DA:111,1
DA:118,1
FN:118,ExecutionHelper._tryExec
FNDA:1,ExecutionHelper._tryExec
DA:119,1
DA:120,1
BRDA:120,4,0,1
DA:123,10
FN:123,ExecutionHelper._tryDelegatecall
FNDA:10,ExecutionHelper._tryDelegatecall
DA:124,10
DA:125,10
DA:126,10
BRDA:126,5,0,-
DA:138,1
FN:138,ExecutionHelper._tryExecReturn
FNDA:1,ExecutionHelper._tryExecReturn
DA:145,1
DA:150,1
DA:152,1
DA:153,1
DA:154,2
BRDA:154,6,0,1
DA:158,1
FN:158,ExecutionHelper._tryExecReturn
FNDA:1,ExecutionHelper._tryExecReturn
DA:167,1
DA:168,1
DA:170,1
BRDA:170,7,0,1
DA:173,1
FN:173,ExecutionHelper._tryDelegatecallReturn
FNDA:1,ExecutionHelper._tryDelegatecallReturn
DA:181,1
DA:182,1
DA:186,1
BRDA:186,8,0,-
DA:200,263
FN:200,ExecutionHelper._staticcallReturn
FNDA:263,ExecutionHelper._staticcallReturn
DA:209,263
DA:210,263
DA:211,263
DA:215,0
DA:226,0
DA:227,0
DA:228,0
DA:229,0
DA:231,0
BRDA:231,9,0,-
FNF:13
FNH:13
LF:52
LH:46
BRF:10
BRH:5
end_of_record
TN:
SF:src/core/Initializer.sol
DA:34,106
FN:34,Initializer.initializeAccountWithValidators
FNDA:106,Initializer.initializeAccountWithValidators
DA:39,106
BRDA:39,0,0,104
DA:41,104
DA:42,104
DA:43,104
DA:44,104
DA:45,104
DA:50,104
DA:57,61
FN:57,Initializer.initializeAccount
FNDA:61,Initializer.initializeAccount
DA:67,61
DA:69,61
DA:76,61
FN:76,Initializer._initModules
FNDA:61,Initializer._initModules
DA:84,61
DA:85,61
DA:89,61
BRDA:89,1,0,8
BRDA:89,1,1,-
DA:90,8
DA:91,8
DA:92,8
DA:94,8
DA:97,8
DA:106,53
BRDA:106,2,0,-
DA:107,0
DA:111,61
DA:113,61
DA:114,61
DA:115,57
DA:117,57
DA:120,57
DA:130,61
DA:131,61
DA:132,0
DA:134,0
DA:137,0
DA:147,61
DA:148,61
DA:149,0
DA:151,0
DA:154,0
DA:163,61
DA:169,0
FN:169,Initializer.setRegistry
FNDA:0,Initializer.setRegistry
DA:177,0
FNF:4
FNH:3
LF:41
LH:32
BRF:4
BRH:2
end_of_record
TN:
SF:src/core/ModuleManager.sol
DA:57,293
FN:57,ModuleManager._installValidator
FNDA:293,ModuleManager._installValidator
DA:65,293
DA:66,293
DA:76,3
FN:76,ModuleManager._uninstallValidator
FNDA:3,ModuleManager._uninstallValidator
DA:83,3
DA:84,3
DA:85,3
DA:93,565
FN:93,ModuleManager._isValidatorInstalled
FNDA:565,ModuleManager._isValidatorInstalled
DA:99,565
DA:105,0
FN:105,ModuleManager.getValidatorsPaginated
FNDA:0,ModuleManager.getValidatorsPaginated
DA:114,0
DA:127,10
FN:127,ModuleManager.onlyExecutorModule
FNDA:10,ModuleManager.onlyExecutorModule
DA:128,10
BRDA:128,0,0,-
DA:138,335
FN:138,ModuleManager._installExecutor
FNDA:335,ModuleManager._installExecutor
DA:146,335
DA:147,335
DA:156,2
FN:156,ModuleManager._uninstallExecutor
FNDA:2,ModuleManager._uninstallExecutor
DA:163,2
DA:164,2
DA:165,2
DA:168,16
FN:168,ModuleManager._isExecutorInstalled
FNDA:16,ModuleManager._isExecutorInstalled
DA:174,16
DA:180,0
FN:180,ModuleManager.getExecutorsPaginated
FNDA:0,ModuleManager.getExecutorsPaginated
DA:189,0
DA:203,2
FN:203,ModuleManager._installFallbackHandler
FNDA:2,ModuleManager._installFallbackHandler
DA:212,2
DA:213,2
DA:218,2
DA:219,0
BRDA:219,1,0,-
DA:222,2
BRDA:222,2,0,-
DA:223,0
DA:226,2
BRDA:226,3,0,-
DA:228,2
DA:229,2
DA:230,2
DA:232,0
DA:235,2
FN:235,ModuleManager._isFallbackHandlerInstalled
FNDA:2,ModuleManager._isFallbackHandlerInstalled
DA:236,2
DA:237,2
DA:240,1
FN:240,ModuleManager._uninstallFallbackHandler
FNDA:1,ModuleManager._uninstallFallbackHandler
DA:248,1
DA:249,1
DA:251,1
DA:252,1
DA:255,3
FN:255,ModuleManager._isFallbackHandlerInstalled
FNDA:3,ModuleManager._isFallbackHandlerInstalled
DA:264,3
DA:266,3
DA:267,3
DA:279,1
FN:279,ModuleManager.fallback
FNDA:1,ModuleManager.fallback
DA:289,1
DA:292,1
FN:292,ModuleManager._callFallbackHandler
FNDA:1,ModuleManager._callFallbackHandler
DA:297,1
DA:298,1
DA:299,1
DA:301,1
BRDA:301,4,0,-
DA:306,1
BRDA:306,5,0,-
DA:307,0
DA:313,1
BRDA:313,6,0,1
DA:314,1
DA:332,713
FN:332,ModuleManager._preHooks
FNDA:713,ModuleManager._preHooks
DA:333,713
BRDA:333,7,0,4
DA:334,4
DA:340,4
DA:347,708
FN:347,ModuleManager._postHooks
FNDA:708,ModuleManager._postHooks
DA:348,708
BRDA:348,8,0,4
DA:349,4
DA:361,593
FN:361,ModuleManager.withHook
FNDA:593,ModuleManager.withHook
DA:362,593
DA:363,593
DA:365,593
DA:368,9
FN:368,ModuleManager.tryWithHook
FNDA:9,ModuleManager.tryWithHook
DA:369,9
DA:370,9
BRDA:370,9,0,8
BRDA:370,9,1,1
DA:371,8
DA:373,8
DA:385,5
FN:385,ModuleManager._installHook
FNDA:5,ModuleManager._installHook
DA:395,5
DA:398,5
BRDA:398,10,0,-
DA:399,0
DA:401,5
DA:402,5
DA:405,1
FN:405,ModuleManager._uninstallHook
FNDA:1,ModuleManager._uninstallHook
DA:413,1
DA:414,1
DA:417,0
FN:417,ModuleManager._isHookInstalled
FNDA:0,ModuleManager._isHookInstalled
DA:418,0
DA:419,0
DA:422,0
FN:422,ModuleManager.getActiveHook
FNDA:0,ModuleManager.getActiveHook
DA:423,0
DA:433,261
FN:433,ModuleManager._withPreValidationHook
FNDA:261,ModuleManager._withPreValidationHook
DA:442,261
DA:443,261
BRDA:443,11,0,256
BRDA:443,11,1,5
DA:444,256
DA:446,5
DA:453,5
DA:457,558
FN:457,ModuleManager._withPreValidationHook
FNDA:558,ModuleManager._withPreValidationHook
DA:465,558
DA:466,558
BRDA:466,12,0,554
BRDA:466,12,1,4
DA:467,554
DA:469,4
DA:478,4
DA:482,27
FN:482,ModuleManager._installPreValidationHook
FNDA:27,ModuleManager._installPreValidationHook
DA:489,27
DA:490,27
DA:491,27
BRDA:491,13,0,13
BRDA:491,13,1,-
DA:492,13
DA:493,14
BRDA:493,14,0,14
BRDA:493,14,1,-
DA:494,14
DA:496,0
DA:498,0
DA:501,13
FN:501,ModuleManager._installPreValidationHook4337
FNDA:13,ModuleManager._installPreValidationHook4337
DA:506,13
DA:507,13
BRDA:507,15,0,-
DA:508,0
DA:512,13
DA:515,14
FN:515,ModuleManager._installPreValidationHook1271
FNDA:14,ModuleManager._installPreValidationHook1271
DA:520,14
DA:521,14
BRDA:521,16,0,1
DA:522,1
DA:526,13
DA:529,4
FN:529,ModuleManager._uninstallPreValidationHook
FNDA:4,ModuleManager._uninstallPreValidationHook
DA:536,4
DA:537,4
DA:538,4
BRDA:538,17,0,2
BRDA:538,17,1,-
DA:539,2
DA:540,2
BRDA:540,18,0,2
BRDA:540,18,1,-
DA:541,2
DA:543,0
DA:545,0
DA:548,821
FN:548,ModuleManager.getPrevalidationHook
FNDA:821,ModuleManager.getPrevalidationHook
DA:549,821
BRDA:549,19,0,559
BRDA:549,19,1,-
DA:550,559
DA:551,262
BRDA:551,20,0,262
BRDA:551,20,1,-
DA:552,262
DA:554,0
DA:558,14
FN:558,ModuleManager._isPreValidationHookInstalled
FNDA:14,ModuleManager._isPreValidationHookInstalled
DA:566,14
DA:567,14
BRDA:567,21,0,7
BRDA:567,21,1,-
DA:568,7
DA:569,7
BRDA:569,22,0,7
BRDA:569,22,1,-
DA:570,7
DA:572,0
DA:585,4
FN:585,ModuleManager._multiTypeInstall
FNDA:4,ModuleManager._multiTypeInstall
DA:592,4
DA:593,4
DA:594,4
DA:600,0
DA:601,0
DA:602,0
DA:604,0
DA:605,0
DA:606,0
DA:608,0
DA:609,0
DA:610,0
DA:611,0
DA:613,0
DA:614,0
DA:615,0
DA:618,4
DA:619,4
BRDA:619,23,0,-
DA:622,4
DA:623,8
DA:628,8
BRDA:628,24,0,2
BRDA:628,24,1,-
DA:629,2
DA:634,6
BRDA:634,25,0,2
BRDA:634,25,1,-
DA:635,2
DA:640,4
BRDA:640,26,0,-
BRDA:640,26,1,-
DA:641,0
DA:646,4
BRDA:646,27,0,-
BRDA:646,27,1,-
DA:647,0
DA:652,4
DA:653,2
DA:654,4
BRDA:654,28,0,4
BRDA:651,28,1,-
DA:655,4
DA:657,0
DA:662,4
DA:665,2
FN:665,ModuleManager._multiTypeUninstall
FNDA:2,ModuleManager._multiTypeUninstall
DA:672,2
DA:673,2
DA:674,2
DA:680,0
DA:681,0
DA:682,0
DA:684,0
DA:685,0
DA:686,0
DA:688,0
DA:689,0
DA:690,0
DA:691,0
DA:693,0
DA:694,0
DA:695,0
DA:698,2
DA:699,2
BRDA:699,29,0,-
DA:702,2
DA:703,4
DA:708,4
BRDA:708,30,0,1
BRDA:708,30,1,-
DA:709,1
DA:714,3
BRDA:714,31,0,1
BRDA:714,31,1,-
DA:715,1
DA:720,2
BRDA:720,32,0,-
BRDA:720,32,1,-
DA:721,0
DA:726,2
BRDA:726,33,0,-
BRDA:726,33,1,-
DA:727,0
DA:729,2
DA:730,1
DA:731,2
BRDA:731,34,0,2
BRDA:728,34,1,-
DA:732,2
DA:734,0
DA:739,2
FNF:33
FNH:29
LF:212
LH:159
BRF:56
BRH:24
end_of_record
TN:
SF:src/core/RegistryAdapter.sol
DA:18,10
FN:18,RegistryAdapter.withRegistry
FNDA:10,RegistryAdapter.withRegistry
DA:19,10
DA:27,672
FN:27,RegistryAdapter._checkRegistry
FNDA:672,RegistryAdapter._checkRegistry
DA:28,672
DA:29,672
BRDA:29,0,0,672
DA:31,672
DA:38,61
FN:38,RegistryAdapter._configureRegistry
FNDA:61,RegistryAdapter._configureRegistry
DA:46,61
DA:48,61
BRDA:48,1,0,61
DA:49,61
DA:56,61
FNF:3
FNH:3
LF:11
LH:11
BRF:2
BRH:2
end_of_record
TN:
SF:src/core/SafeOp.sol
DA:27,266
FN:27,SafeOp.getSafeOp
FNDA:266,SafeOp.getSafeOp
DA:45,266
DA:46,266
DA:47,266
DA:48,266
DA:67,266
DA:84,266
DA:92,0
DA:95,266
DA:100,266
FN:100,SafeOp.domainSeparator
FNDA:266,SafeOp.domainSeparator
DA:101,266
DA:104,266
FN:104,SafeOp.unpackVerificationGasLimit
FNDA:266,SafeOp.unpackVerificationGasLimit
DA:109,266
DA:112,266
FN:112,SafeOp.unpackCallGasLimit
FNDA:266,SafeOp.unpackCallGasLimit
DA:113,266
DA:116,266
FN:116,SafeOp.unpackMaxPriorityFeePerGas
FNDA:266,SafeOp.unpackMaxPriorityFeePerGas
DA:121,266
DA:124,266
FN:124,SafeOp.unpackMaxFeePerGas
FNDA:266,SafeOp.unpackMaxFeePerGas
DA:125,266
FNF:6
FNH:6
LF:19
LH:18
BRF:0
BRH:0
end_of_record
TN:
SF:src/core/SetupDCUtil.sol
DA:12,50
FN:12,Safe7579DCUtilSetup.constructor
FNDA:50,Safe7579DCUtilSetup.constructor
DA:13,50
FNF:1
FNH:1
LF:2
LH:2
BRF:0
BRH:0
end_of_record
TN:
SF:src/core/SupportViewer.sol
DA:23,1
FN:23,SupportViewer.accountId
FNDA:1,SupportViewer.accountId
DA:24,1
DA:27,0
FN:27,SupportViewer.supportsExecutionMode
FNDA:0,SupportViewer.supportsExecutionMode
DA:28,0
DA:29,0
DA:32,0
DA:33,0
DA:35,0
BRDA:35,0,0,-
BRDA:35,0,1,-
DA:36,0
BRDA:36,1,0,-
BRDA:36,1,1,-
DA:37,0
BRDA:37,2,0,-
BRDA:37,2,1,-
DA:38,0
DA:40,0
BRDA:40,3,0,-
BRDA:40,3,1,-
DA:41,0
DA:45,0
FN:45,SupportViewer.supportsModule
FNDA:0,SupportViewer.supportsModule
DA:46,0
BRDA:46,5,0,-
BRDA:46,5,1,-
DA:47,0
BRDA:47,6,0,-
BRDA:47,6,1,-
DA:48,0
BRDA:48,7,0,-
BRDA:48,7,1,-
DA:49,0
FNF:3
FNH:1
LF:18
LH:2
BRF:14
BRH:0
end_of_record
TN:
SF:src/lib/ExecutionLib.sol
DA:20,9
FN:20,ExecutionLib.decodeBatch
FNDA:9,ExecutionLib.decodeBatch
DA:27,0
DA:28,0
DA:29,0
DA:30,0
DA:31,0
DA:32,0
BRDA:32,0,0,-
DA:33,0
DA:34,0
DA:36,0
BRDA:36,1,0,-
DA:39,0
DA:40,0
DA:41,0
DA:42,0
DA:43,0
DA:44,0
DA:46,0
BRDA:46,2,0,-
DA:48,0
DA:49,0
DA:51,0
BRDA:51,3,0,-
DA:57,0
FN:57,ExecutionLib.encodeBatch
FNDA:0,ExecutionLib.encodeBatch
DA:62,0
DA:65,102
FN:65,ExecutionLib.decodeSingle
FNDA:102,ExecutionLib.decodeSingle
DA:70,102
DA:71,102
DA:72,102
DA:75,0
FN:75,ExecutionLib.encodeSingle
FNDA:0,ExecutionLib.encodeSingle
DA:84,0
FNF:4
FNH:2
LF:28
LH:5
BRF:4
BRH:0
end_of_record
TN:
SF:src/lib/ModeLib.sol
DA:89,0
FN:89,ModeLib.decode
FNDA:0,ModeLib.decode
DA:101,0
DA:102,0
DA:103,0
DA:104,0
DA:108,0
FN:108,ModeLib.encode
FNDA:0,ModeLib.encode
DA:118,0
DA:125,0
FN:125,ModeLib.encodeSimpleBatch
FNDA:0,ModeLib.encodeSimpleBatch
DA:126,0
DA:129,0
FN:129,ModeLib.encodeSimpleSingle
FNDA:0,ModeLib.encodeSimpleSingle
DA:130,0
DA:133,0
FN:133,ModeLib.getCallType
FNDA:0,ModeLib.getCallType
DA:136,0
FNF:5
FNH:0
LF:13
LH:0
BRF:0
BRH:0
end_of_record
TN:
SF:src/utils/DCUtil.sol
DA:9,657
FN:9,ModuleInstallUtil.installModule
FNDA:657,ModuleInstallUtil.installModule
DA:16,657
DA:17,657
DA:20,9
FN:20,ModuleInstallUtil.unInstallModule
FNDA:9,ModuleInstallUtil.unInstallModule
DA:27,9
DA:28,9
DA:33,1
FN:33,BatchedExecUtil.tryExecute
FNDA:1,BatchedExecUtil.tryExecute
DA:34,1
DA:36,1
DA:37,2
DA:38,2
DA:42,4
FN:42,BatchedExecUtil.execute
FNDA:4,BatchedExecUtil.execute
DA:43,4
DA:45,4
DA:46,8
DA:47,8
DA:51,3
FN:51,BatchedExecUtil.executeReturn
FNDA:3,BatchedExecUtil.executeReturn
DA:55,3
DA:56,3
DA:58,3
DA:59,6
DA:60,6
DA:64,1
FN:64,BatchedExecUtil.tryExecuteReturn
FNDA:1,BatchedExecUtil.tryExecuteReturn
DA:68,1
DA:69,1
DA:70,1
DA:72,1
DA:73,2
DA:74,2
DA:78,14
FN:78,BatchedExecUtil._execute
FNDA:14,BatchedExecUtil._execute
DA:89,0
DA:90,0
DA:91,0
BRDA:91,0,0,-
DA:93,0
DA:94,0
DA:96,0
DA:97,0
DA:98,0
DA:99,0
DA:103,4
FN:103,BatchedExecUtil._tryExecute
FNDA:4,BatchedExecUtil._tryExecute
DA:114,0
DA:115,0
DA:116,0
DA:117,0
DA:118,0
DA:119,0
DA:120,0
DA:126,263
FN:126,Safe7579DCUtil.staticCall
FNDA:263,Safe7579DCUtil.staticCall
DA:129,0
DA:130,0
DA:131,0
DA:132,0
BRDA:132,0,0,-
DA:133,0
FNF:9
FNH:9
LF:53
LH:32
BRF:2
BRH:0
end_of_record
TN:
SF:src/utils/Safe7579UserOperationBuilder.sol
DA:15,0
FN:15,Safe7579UserOperationBuilder.constructor
FNDA:0,Safe7579UserOperationBuilder.constructor
DA:16,0
DA:19,0
FN:19,Safe7579UserOperationBuilder.entryPoint
FNDA:0,Safe7579UserOperationBuilder.entryPoint
DA:20,0
DA:23,0
FN:23,Safe7579UserOperationBuilder.getNonce
FNDA:0,Safe7579UserOperationBuilder.getNonce
DA:31,0
DA:32,0
DA:33,0
DA:36,0
FN:36,Safe7579UserOperationBuilder.getCallData
FNDA:0,Safe7579UserOperationBuilder.getCallData
DA:45,0
BRDA:45,0,0,-
DA:46,0
DA:48,0
BRDA:48,1,0,-
BRDA:48,1,1,-
DA:49,0
DA:59,0
DA:67,0
FN:67,Safe7579UserOperationBuilder.getDummySignature
FNDA:0,Safe7579UserOperationBuilder.getDummySignature
DA:76,0
DA:77,0
DA:87,0
FN:87,Safe7579UserOperationBuilder.getSignature
FNDA:0,Safe7579UserOperationBuilder.getSignature
DA:96,0
BRDA:96,2,0,-
BRDA:96,2,1,-
DA:98,0
DA:103,0
DA:105,0
DA:117,0
DA:118,0
DA:119,0
DA:120,0
FNF:6
FNH:0
LF:26
LH:0
BRF:5
BRH:0
end_of_record
TN:
SF:test/Bricked.t.sol
DA:33,2
FN:33,RevertTarget.set
FNDA:2,RevertTarget.set
DA:34,2
FNF:1
FNH:1
LF:2
LH:2
BRF:0
BRH:0
end_of_record
TN:
SF:test/ERC7579Compliance/Base.t.sol
DA:12,0
FN:12,MockModule.onInstall
FNDA:0,MockModule.onInstall
DA:14,0
FN:14,MockModule.onUninstall
FNDA:0,MockModule.onUninstall
DA:16,0
FN:16,MockModule.isModuleType
FNDA:0,MockModule.isModuleType
DA:17,0
DA:20,0
FN:20,MockModule.isInitialized
FNDA:0,MockModule.isInitialized
DA:21,0
DA:24,0
FN:24,MockModule.validateUserOp
FNDA:0,MockModule.validateUserOp
DA:32,0
DA:35,0
FN:35,MockModule.isValidSignatureWithSender
FNDA:0,MockModule.isValidSignatureWithSender
DA:45,0
DA:48,0
FN:48,MockModule.preCheck
FNDA:0,MockModule.preCheck
DA:58,0
FN:58,MockModule.postCheck
FNDA:0,MockModule.postCheck
DA:66,526
FN:66,BaseTest.asEntryPoint
FNDA:526,BaseTest.asEntryPoint
DA:67,526
DA:69,526
DA:72,35
FN:72,BaseTest.setUp
FNDA:35,BaseTest.setUp
DA:73,0
DA:74,35
DA:76,0
DA:77,35
DA:78,35
DA:81,273
FN:81,BaseTest.installUnitTestAsModule
FNDA:273,BaseTest.installUnitTestAsModule
DA:82,273
DA:83,273
DA:88,35
FN:88,BaseTest.initFirstExec
FNDA:35,BaseTest.initFirstExec
DA:90,35
DA:93,35
DA:101,35
DA:102,35
DA:103,35
DA:104,35
DA:107,35
DA:108,35
DA:111,35
DA:114,35
FNF:12
FNH:4
LF:35
LH:21
BRF:0
BRH:0
end_of_record
TN:
SF:test/Launchpad.t.sol
DA:61,49
FN:61,LaunchpadBase.setUp
FNDA:49,LaunchpadBase.setUp
DA:63,49
DA:64,49
DA:65,49
DA:66,49
DA:67,49
DA:68,49
DA:71,49
DA:72,49
DA:73,49
DA:75,49
DA:77,49
DA:78,49
DA:79,49
DA:80,49
DA:81,49
DA:82,49
DA:84,49
DA:114,49
DA:116,49
DA:117,49
DA:119,49
DA:120,49
DA:123,49
DA:124,49
DA:127,49
DA:134,49
DA:135,49
DA:136,49
DA:140,49
DA:141,49
DA:142,49
DA:143,49
DA:145,49
DA:146,49
DA:148,49
DA:150,49
DA:153,51
FN:153,LaunchpadBase._initCode
FNDA:51,LaunchpadBase._initCode
DA:161,51
DA:170,609
FN:170,LaunchpadBase.getDefaultUserOp
FNDA:609,LaunchpadBase.getDefaultUserOp
DA:178,609
FNF:3
FNH:3
LF:41
LH:41
BRF:0
BRH:0
end_of_record
TN:
SF:test/dependencies/EntryPoint.sol
DA:14,50
FN:14,EntryPointSimulationsPatch.init
FNDA:50,EntryPointSimulationsPatch.init
DA:15,50
DA:16,0
DA:19,103
FN:19,EntryPointSimulationsPatch.initSenderCreator
FNDA:103,EntryPointSimulationsPatch.initSenderCreator
DA:21,103
DA:24,103
DA:27,104
FN:27,EntryPointSimulationsPatch.senderCreator
FNDA:104,EntryPointSimulationsPatch.senderCreator
DA:28,104
FNF:3
FNH:3
LF:8
LH:7
BRF:0
BRH:0
end_of_record
TN:
SF:test/flavors/ExistingSafe.t.sol
DA:8,4
FN:8,ExistingSafe.setUp
FNDA:4,ExistingSafe.setUp
DA:9,0
DA:11,0
DA:14,4
FN:14,ExistingSafe.makeExistingSafe
FNDA:4,ExistingSafe.makeExistingSafe
DA:15,4
DA:17,4
DA:21,4
DA:26,4
DA:28,4
DA:29,4
DA:31,4
DA:32,4
DA:34,4
DA:35,4
DA:36,4
DA:48,0
DA:49,4
DA:50,4
DA:51,4
DA:52,0
DA:53,0
DA:55,4
DA:68,4
DA:69,4
DA:71,4
DA:88,4
FN:88,ExistingSafe.signHash
FNDA:4,ExistingSafe.signHash
DA:89,4
DA:92,4
DA:93,4
BRDA:93,0,0,4
BRDA:93,0,1,-
DA:95,4
FNF:3
FNH:3
LF:30
LH:25
BRF:2
BRH:1
end_of_record
TN:
SF:test/mocks/MockExecutor.sol
DA:10,2
FN:10,MockExecutor.executeViaAccount
FNDA:2,MockExecutor.executeViaAccount
DA:19,2
DA:24,2
FN:24,MockExecutor.execBatch
FNDA:2,MockExecutor.execBatch
DA:31,2
FNF:2
FNH:2
LF:4
LH:4
BRF:0
BRH:0
end_of_record
TN:
SF:test/mocks/MockFallback.sol
DA:7,0
FN:7,MockFallback.target
FNDA:0,MockFallback.target
DA:11,0
DA:12,0
DA:13,0
DA:16,0
FN:16,MockFallback.target2
FNDA:0,MockFallback.target2
DA:20,0
DA:21,0
DA:22,0
FNF:2
FNH:0
LF:8
LH:0
BRF:0
BRH:0
end_of_record
TN:
SF:test/mocks/MockPrevalidationHook.sol
DA:19,0
FN:19,MockPreValidationHook.onInstall
FNDA:0,MockPreValidationHook.onInstall
DA:21,0
FN:21,MockPreValidationHook.onUninstall
FNDA:0,MockPreValidationHook.onUninstall
DA:23,0
FN:23,MockPreValidationHook.isModuleType
FNDA:0,MockPreValidationHook.isModuleType
DA:24,0
DA:25,0
DA:28,0
FN:28,MockPreValidationHook.isInitialized
FNDA:0,MockPreValidationHook.isInitialized
DA:29,0
DA:32,9
FN:32,MockPreValidationHook.setWillModify
FNDA:9,MockPreValidationHook.setWillModify
DA:33,9
DA:36,9
FN:36,MockPreValidationHook.setReturnValues
FNDA:9,MockPreValidationHook.setReturnValues
DA:37,9
DA:38,9
DA:41,5
FN:41,MockPreValidationHook.preValidationHookERC1271
FNDA:5,MockPreValidationHook.preValidationHookERC1271
DA:50,5
BRDA:50,0,0,5
BRDA:50,0,1,-
DA:51,5
DA:53,0
DA:57,4
FN:57,MockPreValidationHook.preValidationHookERC4337
FNDA:4,MockPreValidationHook.preValidationHookERC4337
DA:66,4
BRDA:66,1,0,4
BRDA:66,1,1,-
DA:67,4
DA:69,0
FNF:8
FNH:4
LF:20
LH:11
BRF:4
BRH:2
end_of_record
TN:
SF:test/mocks/MockRegistry.sol
DA:11,0
FN:11,MockRegistry.check
FNDA:0,MockRegistry.check
DA:13,0
FN:13,MockRegistry.checkForAccount
FNDA:0,MockRegistry.checkForAccount
DA:15,0
FN:15,MockRegistry.check
FNDA:0,MockRegistry.check
DA:17,0
FN:17,MockRegistry.checkForAccount
FNDA:0,MockRegistry.checkForAccount
DA:27,0
FN:27,MockRegistry.check
FNDA:0,MockRegistry.check
DA:29,0
FN:29,MockRegistry.check
FNDA:0,MockRegistry.check
DA:39,61
FN:39,MockRegistry.trustAttesters
FNDA:61,MockRegistry.trustAttesters
DA:40,61
DA:41,61
FNF:7
FNH:1
LF:9
LH:3
BRF:0
BRH:0
end_of_record
TN:
SF:test/mocks/MockTarget.sol
DA:9,112
FN:9,MockTarget.set
FNDA:112,MockTarget.set
DA:10,112
BRDA:10,0,0,-
DA:11,112
DA:12,112
DA:13,0
DA:16,0
FN:16,MockTarget.setAccessControl
FNDA:0,MockTarget.setAccessControl
DA:17,0
BRDA:17,1,0,-
DA:18,0
DA:20,0
DA:21,0
FNF:2
FNH:1
LF:10
LH:4
BRF:2
BRH:0
end_of_record
TN:
SF:test/mocks/MockValidator.sol
DA:8,0
FN:8,MockValidator.validateUserOp
FNDA:0,MockValidator.validateUserOp
DA:16,0
DA:18,0
FNF:1
FNH:0
LF:3
LH:0
BRF:0
BRH:0
end_of_record
TN:
SF:test/mocks/MockValidatorV2.sol
DA:12,0
FN:12,MockValidatorV2.onInstall
FNDA:0,MockValidatorV2.onInstall
DA:13,0
FN:13,MockValidatorV2.onUninstall
FNDA:0,MockValidatorV2.onUninstall
DA:15,2
FN:15,MockValidatorV2.setReturnValidSignature
FNDA:2,MockValidatorV2.setReturnValidSignature
DA:16,2
DA:19,2
FN:19,MockValidatorV2.setValidateUserOpReturnValue
FNDA:2,MockValidatorV2.setValidateUserOpReturnValue
DA:20,2
DA:23,2
FN:23,MockValidatorV2.validateUserOp
FNDA:2,MockValidatorV2.validateUserOp
DA:31,2
DA:34,2
FN:34,MockValidatorV2.isValidSignatureWithSender
FNDA:2,MockValidatorV2.isValidSignatureWithSender
DA:44,2
FNF:6
FNH:4
LF:10
LH:8
BRF:0
BRH:0
end_of_record
