TN:
SF:script/Deploy.s.sol
DA:19,0
FN:19,DeployScript.run
FNDA:0,DeployScript.run
DA:20,0
DA:22,0
DA:23,0
DA:25,0
DA:33,0
DA:34,0
DA:36,0
FNF:1
FNH:0
LF:8
LH:0
BRF:0
BRH:0
end_of_record
TN:
SF:script/DeployAccount.s.sol
DA:41,0
FN:41,DeployAccountScript.run
FNDA:0,DeployAccountScript.run
DA:42,0
DA:43,0
DA:44,0
DA:45,0
DA:46,0
DA:47,0
DA:49,0
DA:50,0
DA:51,0
DA:52,0
DA:56,0
DA:57,0
DA:59,0
DA:63,0
DA:97,0
DA:99,0
DA:100,0
DA:102,0
DA:103,0
DA:105,0
DA:107,0
DA:108,0
DA:110,0
DA:117,0
DA:118,0
DA:120,0
DA:122,0
DA:126,0
DA:128,0
DA:129,0
DA:131,0
DA:133,0
DA:137,0
DA:139,0
DA:142,0
FN:142,DeployAccountScript._initCode
FNDA:0,DeployAccountScript._initCode
DA:152,0
DA:161,0
FN:161,DeployAccountScript.getDefaultUserOp
FNDA:0,DeployAccountScript.getDefaultUserOp
DA:170,0
FNF:3
FNH:0
LF:39
LH:0
BRF:0
BRH:0
end_of_record
TN:
SF:script/DeployBuilder.s.sol
DA:12,0
FN:12,DeployBuilderScript.run
FNDA:0,DeployBuilderScript.run
DA:13,0
DA:15,0
DA:17,0
DA:19,0
DA:21,0
FNF:1
FNH:0
LF:6
LH:0
BRF:0
BRH:0
end_of_record
TN:
SF:src/Safe7579.sol
DA:70,191
FN:70,Safe7579.execute
FNDA:191,Safe7579.execute
DA:78,191
DA:79,191
DA:83,0
DA:84,0
DA:89,191
DA:90,191
BRDA:90,0,0,185
BRDA:90,0,1,1
DA:92,185
BRDA:92,1,0,4
BRDA:92,1,1,1
DA:93,4
DA:94,4
DA:97,181
BRDA:97,2,0,179
BRDA:97,2,1,1
DA:98,179
DA:99,179
DA:100,179
DA:103,2
BRDA:103,3,0,1
BRDA:103,3,1,1
DA:104,1
DA:105,1
DA:106,1
DA:110,1
DA:116,6
BRDA:116,4,0,1
BRDA:116,4,1,1
DA:118,5
BRDA:118,5,0,1
BRDA:118,5,1,1
DA:119,1
DA:120,1
DA:123,4
BRDA:123,6,0,1
BRDA:123,6,1,1
DA:124,1
DA:125,1
DA:126,1
DA:129,3
BRDA:129,7,0,2
BRDA:129,7,1,1
DA:130,2
DA:131,2
DA:132,2
DA:136,1
DA:143,1
DA:150,14
FN:150,Safe7579.executeFromExecutor
FNDA:14,Safe7579.executeFromExecutor
DA:161,14
DA:162,14
DA:166,0
DA:167,0
DA:170,14
DA:178,14
FN:178,Safe7579._executeReturn
FNDA:14,Safe7579._executeReturn
DA:190,14
BRDA:190,8,0,10
BRDA:190,8,1,-
DA:192,10
BRDA:192,9,0,3
BRDA:192,9,1,1
DA:193,3
DA:194,3
DA:197,7
BRDA:197,10,0,5
BRDA:197,10,1,1
DA:198,5
DA:199,5
DA:200,5
DA:201,5
DA:204,2
BRDA:204,11,0,1
BRDA:204,11,1,1
DA:205,1
DA:206,1
DA:207,1
DA:208,1
DA:212,1
DA:218,4
BRDA:218,12,0,3
BRDA:218,12,1,-
DA:220,3
BRDA:220,13,0,1
BRDA:220,13,1,-
DA:221,1
DA:222,1
DA:225,2
BRDA:225,14,0,1
BRDA:225,14,1,-
DA:226,1
DA:227,1
DA:228,1
DA:229,1
DA:232,1
BRDA:232,15,0,1
BRDA:232,15,1,-
DA:233,1
DA:234,1
DA:235,1
DA:236,1
DA:240,0
DA:247,1
DA:254,600
FN:254,Safe7579.validateUserOp
FNDA:600,Safe7579.validateUserOp
DA:263,600
DA:264,600
DA:268,0
DA:274,600
DA:278,600
BRDA:278,16,0,259
BRDA:278,16,1,341
DA:279,259
DA:282,341
DA:288,341
DA:292,600
BRDA:292,17,0,597
DA:293,597
DA:306,259
FN:306,Safe7579._validateSignatures
FNDA:259,Safe7579._validateSignatures
DA:311,259
DA:312,259
DA:313,259
DA:314,3
DA:317,3
DA:322,256
DA:323,256
DA:334,261
FN:334,Safe7579.isValidSignature
FNDA:261,Safe7579.isValidSignature
DA:342,261
DA:345,261
BRDA:345,18,0,2
DA:347,1
DA:348,1
DA:356,1
BRDA:356,19,0,1
BRDA:356,19,1,-
DA:358,2
DA:360,260
DA:362,260
DA:363,260
DA:367,260
BRDA:367,20,0,2
DA:368,2
DA:371,2
DA:372,2
DA:373,2
DA:377,258
DA:382,258
DA:388,647
FN:388,Safe7579.installModule
FNDA:647,Safe7579.installModule
DA:400,647
DA:401,647
BRDA:401,21,0,295
BRDA:401,21,1,1
DA:402,295
DA:403,352
BRDA:403,22,0,288
BRDA:403,22,1,1
DA:404,288
DA:405,64
BRDA:405,23,0,21
BRDA:405,23,1,1
DA:406,21
DA:407,43
BRDA:407,24,0,9
BRDA:407,24,1,1
DA:408,9
DA:409,34
BRDA:409,25,0,7
BRDA:409,25,1,1
DA:410,7
DA:412,27
DA:413,15
DA:414,26
BRDA:414,26,0,26
BRDA:411,26,1,1
DA:415,26
DA:417,1
DA:421,295
DA:433,20
FN:433,Safe7579.uninstallModule
FNDA:20,Safe7579.uninstallModule
DA:445,20
DA:446,20
BRDA:446,27,0,2
BRDA:446,27,1,1
DA:447,2
DA:448,18
BRDA:448,28,0,1
BRDA:448,28,1,1
DA:449,1
DA:450,17
BRDA:450,29,0,3
BRDA:450,29,1,1
DA:451,3
DA:452,14
BRDA:452,30,0,3
BRDA:452,30,1,1
DA:453,3
DA:454,11
BRDA:454,31,0,6
BRDA:454,31,1,1
DA:455,6
DA:457,5
DA:458,4
DA:459,4
BRDA:459,32,0,4
BRDA:456,32,1,1
DA:460,4
DA:462,1
DA:468,2
DA:480,43
FN:480,Safe7579.isModuleInstalled
FNDA:43,Safe7579.isModuleInstalled
DA:489,43
BRDA:489,33,0,9
BRDA:489,33,1,1
DA:492,9
DA:493,9
DA:494,34
BRDA:494,35,0,9
BRDA:494,35,1,1
DA:495,9
DA:496,25
BRDA:496,36,0,6
BRDA:496,36,1,1
DA:497,6
DA:498,19
BRDA:498,37,0,4
BRDA:498,37,1,1
DA:499,4
DA:501,15
DA:502,8
DA:503,14
BRDA:503,38,0,14
BRDA:500,38,1,1
DA:504,14
DA:506,1
DA:513,695
FN:513,Safe7579.getNonce
FNDA:695,Safe7579.getNonce
DA:514,695
DA:515,695
DA:520,3
FN:520,EIP712.encodeMessageData
FNDA:3,EIP712.encodeMessageData
DA:529,3
FNF:11
FNH:11
LF:163
LH:157
BRF:73
BRH:67
end_of_record
TN:
SF:src/Safe7579Launchpad.sol
DA:82,92
FN:82,Safe7579Launchpad.constructor
FNDA:92,Safe7579Launchpad.constructor
DA:83,92
BRDA:83,0,0,-
DA:85,92
DA:86,92
DA:87,92
DA:90,95
FN:90,Safe7579Launchpad.onlySelfDelegatecall
FNDA:95,Safe7579Launchpad.onlySelfDelegatecall
DA:91,95
BRDA:91,1,0,-
DA:95,190
FN:95,Safe7579Launchpad.onlyProxy
FNDA:190,Safe7579Launchpad.onlyProxy
DA:96,190
BRDA:96,2,0,-
DA:100,190
FN:100,Safe7579Launchpad.onlySupportedEntryPoint
FNDA:190,Safe7579Launchpad.onlySupportedEntryPoint
DA:101,190
BRDA:101,3,0,-
DA:112,95
FN:112,Safe7579Launchpad.initSafe7579
FNDA:95,Safe7579Launchpad.initSafe7579
DA:123,95
DA:124,95
DA:136,8
FN:136,Safe7579Launchpad.addSafe7579
FNDA:8,Safe7579Launchpad.addSafe7579
DA:147,8
DA:148,8
DA:149,8
DA:166,188
FN:166,Safe7579Launchpad.preValidationSetup
FNDA:188,Safe7579Launchpad.preValidationSetup
DA:174,188
BRDA:174,4,0,-
DA:177,188
DA:180,188
BRDA:180,5,0,-
DA:181,0
DA:182,0
BRDA:182,6,0,-
DA:205,190
FN:205,Safe7579Launchpad.validateUserOp
FNDA:190,Safe7579Launchpad.validateUserOp
DA:215,190
BRDA:215,7,0,-
DA:216,0
DA:219,190
DA:221,190
BRDA:221,8,0,-
DA:224,190
DA:225,190
DA:228,0
DA:236,190
DA:244,190
BRDA:244,9,0,-
DA:250,190
DA:251,190
DA:252,190
DA:253,190
DA:254,190
DA:255,190
DA:257,190
BRDA:257,10,0,186
DA:262,186
BRDA:262,11,0,186
BRDA:262,11,1,-
DA:264,186
DA:267,4
DA:268,4
DA:270,4
DA:278,190
BRDA:278,12,0,190
DA:281,0
DA:286,4
FN:286,Safe7579Launchpad._isValidSafeSigners
FNDA:4,Safe7579Launchpad._isValidSafeSigners
DA:294,4
DA:295,4
DA:297,4
DA:299,4
DA:301,4
DA:302,4
DA:304,4
DA:307,4
DA:308,4
DA:310,4
DA:312,4
DA:313,4
DA:314,4
DA:315,4
BRDA:315,13,0,4
DA:316,4
DA:317,4
BRDA:317,14,0,4
DA:318,4
DA:322,0
DA:336,95
FN:336,Safe7579Launchpad.setupSafe
FNDA:95,Safe7579Launchpad.setupSafe
DA:339,95
DA:342,95
BRDA:342,15,0,-
DA:344,95
BRDA:344,16,0,-
DA:346,95
DA:358,95
DA:362,95
DA:368,95
BRDA:368,17,0,2
DA:371,0
DA:377,378
FN:377,Safe7579Launchpad.getInitHash
FNDA:378,Safe7579Launchpad.getInitHash
DA:380,0
DA:385,188
FN:385,Safe7579Launchpad._setInitHash
FNDA:188,Safe7579Launchpad._setInitHash
DA:388,0
DA:397,94
FN:397,Safe7579Launchpad.predictSafeAddress
FNDA:94,Safe7579Launchpad.predictSafeAddress
DA:408,94
DA:410,94
DA:431,284
FN:431,Safe7579Launchpad.hash
FNDA:284,Safe7579Launchpad.hash
DA:432,284
FNF:14
FNH:14
LF:85
LH:76
BRF:19
BRH:6
end_of_record
TN:
SF:src/core/AccessControl.sol
DA:14,103
FN:14,AccessControl.onlyEntryPointOrSelf
FNDA:103,AccessControl.onlyEntryPointOrSelf
DA:15,103
BRDA:15,0,0,-
DA:16,0
DA:21,600
FN:21,AccessControl.onlyEntryPoint
FNDA:600,AccessControl.onlyEntryPoint
DA:22,600
BRDA:22,1,0,-
DA:23,0
DA:28,3302
FN:28,AccessControl.entryPoint
FNDA:3302,AccessControl.entryPoint
DA:29,3302
FNF:3
FNH:3
LF:8
LH:6
BRF:2
BRH:0
end_of_record
TN:
SF:src/core/ExecutionHelper.sol
DA:28,4
FN:28,ExecutionHelper._exec
FNDA:4,ExecutionHelper._exec
DA:29,4
DA:36,886
FN:36,ExecutionHelper._exec
FNDA:886,ExecutionHelper._exec
DA:37,886
DA:38,886
BRDA:38,0,0,3
DA:41,748
FN:41,ExecutionHelper._delegatecall
FNDA:748,ExecutionHelper._delegatecall
DA:42,748
DA:43,748
DA:44,748
BRDA:44,1,0,-
DA:55,3
FN:55,ExecutionHelper._execReturn
FNDA:3,ExecutionHelper._execReturn
DA:62,3
DA:72,369
FN:72,ExecutionHelper._execReturn
FNDA:369,ExecutionHelper._execReturn
DA:81,369
DA:82,369
DA:84,369
BRDA:84,2,0,1
DA:87,4
FN:87,ExecutionHelper._delegatecallReturn
FNDA:4,ExecutionHelper._delegatecallReturn
DA:95,4
DA:96,4
DA:99,4
BRDA:99,3,0,-
DA:110,1
FN:110,ExecutionHelper._tryExec
FNDA:1,ExecutionHelper._tryExec
DA:111,1
DA:118,1
FN:118,ExecutionHelper._tryExec
FNDA:1,ExecutionHelper._tryExec
DA:119,1
DA:120,1
BRDA:120,4,0,1
DA:123,20
FN:123,ExecutionHelper._tryDelegatecall
FNDA:20,ExecutionHelper._tryDelegatecall
DA:124,20
DA:125,20
DA:126,20
BRDA:126,5,0,2
DA:138,1
FN:138,ExecutionHelper._tryExecReturn
FNDA:1,ExecutionHelper._tryExecReturn
DA:145,1
DA:150,1
DA:152,1
DA:153,1
DA:154,2
BRDA:154,6,0,1
DA:158,1
FN:158,ExecutionHelper._tryExecReturn
FNDA:1,ExecutionHelper._tryExecReturn
DA:167,1
DA:168,1
DA:170,1
BRDA:170,7,0,1
DA:173,2
FN:173,ExecutionHelper._tryDelegatecallReturn
FNDA:2,ExecutionHelper._tryDelegatecallReturn
DA:181,2
DA:182,2
DA:186,2
BRDA:186,8,0,1
DA:200,266
FN:200,ExecutionHelper._staticcallReturn
FNDA:266,ExecutionHelper._staticcallReturn
DA:209,266
DA:210,266
DA:211,266
DA:215,0
DA:226,0
DA:227,0
DA:228,0
DA:229,0
DA:231,0
BRDA:231,9,0,-
FNF:13
FNH:13
LF:52
LH:46
BRF:10
BRH:7
end_of_record
TN:
SF:src/core/Initializer.sol
DA:34,190
FN:34,Initializer.initializeAccountWithValidators
FNDA:190,Initializer.initializeAccountWithValidators
DA:39,190
BRDA:39,0,0,188
DA:41,188
DA:42,188
DA:43,188
DA:44,188
DA:45,188
DA:50,188
DA:57,103
FN:57,Initializer.initializeAccount
FNDA:103,Initializer.initializeAccount
DA:67,103
DA:69,103
DA:76,103
FN:76,Initializer._initModules
FNDA:103,Initializer._initModules
DA:84,103
DA:85,103
DA:89,103
BRDA:89,1,0,8
BRDA:89,1,1,-
DA:90,8
DA:91,8
DA:92,8
DA:94,8
DA:97,8
DA:106,95
BRDA:106,2,0,-
DA:107,0
DA:111,103
DA:113,103
DA:114,103
DA:115,99
DA:117,99
DA:120,99
DA:130,103
DA:131,103
DA:132,0
DA:134,0
DA:137,0
DA:147,103
DA:148,103
DA:149,0
DA:151,0
DA:154,0
DA:163,103
DA:169,0
FN:169,Initializer.setRegistry
FNDA:0,Initializer.setRegistry
DA:177,0
FNF:4
FNH:3
LF:41
LH:32
BRF:4
BRH:2
end_of_record
TN:
SF:src/core/ModuleManager.sol
DA:56,306
FN:56,ModuleManager._installValidator
FNDA:306,ModuleManager._installValidator
DA:64,306
DA:65,306
DA:75,5
FN:75,ModuleManager._uninstallValidator
FNDA:5,ModuleManager._uninstallValidator
DA:82,5
DA:83,5
DA:84,5
DA:92,610
FN:92,ModuleManager._isValidatorInstalled
FNDA:610,ModuleManager._isValidatorInstalled
DA:98,610
DA:104,2
FN:104,ModuleManager.getValidatorsPaginated
FNDA:2,ModuleManager.getValidatorsPaginated
DA:113,2
DA:126,15
FN:126,ModuleManager.onlyExecutorModule
FNDA:15,ModuleManager.onlyExecutorModule
DA:127,15
BRDA:127,0,0,1
DA:137,390
FN:137,ModuleManager._installExecutor
FNDA:390,ModuleManager._installExecutor
DA:145,390
DA:146,390
DA:155,4
FN:155,ModuleManager._uninstallExecutor
FNDA:4,ModuleManager._uninstallExecutor
DA:162,4
DA:163,4
DA:164,4
DA:167,24
FN:167,ModuleManager._isExecutorInstalled
FNDA:24,ModuleManager._isExecutorInstalled
DA:173,24
DA:179,2
FN:179,ModuleManager.getExecutorsPaginated
FNDA:2,ModuleManager.getExecutorsPaginated
DA:188,2
DA:202,22
FN:202,ModuleManager._installFallbackHandler
FNDA:22,ModuleManager._installFallbackHandler
DA:211,22
DA:212,22
DA:213,22
DA:218,21
DA:219,2
BRDA:219,1,0,2
DA:222,19
BRDA:222,2,0,1
DA:223,1
DA:226,18
BRDA:226,3,0,1
DA:228,17
DA:229,17
DA:230,17
DA:233,18
FN:233,ModuleManager._isFallbackHandlerInstalled
FNDA:18,ModuleManager._isFallbackHandlerInstalled
DA:234,18
DA:235,18
DA:238,5
FN:238,ModuleManager._uninstallFallbackHandler
FNDA:5,ModuleManager._uninstallFallbackHandler
DA:246,5
DA:247,5
DA:249,5
DA:250,5
DA:253,6
FN:253,ModuleManager._isFallbackHandlerInstalled
FNDA:6,ModuleManager._isFallbackHandlerInstalled
DA:262,6
DA:264,6
DA:265,6
DA:277,19
FN:277,ModuleManager.fallback
FNDA:19,ModuleManager.fallback
DA:285,19
DA:290,19
FN:290,ModuleManager._callFallbackHandler
FNDA:19,ModuleManager._callFallbackHandler
DA:295,19
DA:296,19
DA:297,19
DA:300,19
BRDA:300,4,0,5
DA:303,0
DA:307,0
BRDA:307,5,0,-
DA:308,0
DA:309,0
DA:312,2
DA:317,14
BRDA:317,6,0,3
DA:318,3
DA:324,11
BRDA:324,7,0,11
DA:325,11
DA:343,886
FN:343,ModuleManager._preHooks
FNDA:886,ModuleManager._preHooks
DA:344,886
BRDA:344,8,0,8
DA:345,8
DA:351,8
DA:358,857
FN:358,ModuleManager._postHooks
FNDA:857,ModuleManager._postHooks
DA:359,857
BRDA:359,9,0,7
DA:360,7
DA:372,647
FN:372,ModuleManager.withHook
FNDA:647,ModuleManager.withHook
DA:373,647
DA:374,647
DA:376,647
DA:379,20
FN:379,ModuleManager.tryWithHook
FNDA:20,ModuleManager.tryWithHook
DA:380,20
DA:381,20
BRDA:381,10,0,15
BRDA:381,10,1,5
DA:382,15
DA:384,15
DA:396,10
FN:396,ModuleManager._installHook
FNDA:10,ModuleManager._installHook
DA:406,10
DA:409,10
BRDA:409,11,0,1
DA:410,1
DA:412,9
DA:413,9
DA:416,5
FN:416,ModuleManager._uninstallHook
FNDA:5,ModuleManager._uninstallHook
DA:424,5
DA:425,5
DA:428,4
FN:428,ModuleManager._isHookInstalled
FNDA:4,ModuleManager._isHookInstalled
DA:429,4
DA:430,4
DA:433,4
FN:433,ModuleManager.getActiveHook
FNDA:4,ModuleManager.getActiveHook
DA:434,4
DA:443,261
FN:443,ModuleManager._withPreValidationHook
FNDA:261,ModuleManager._withPreValidationHook
DA:452,261
DA:453,261
BRDA:453,12,0,256
BRDA:453,12,1,5
DA:454,256
DA:456,5
DA:463,5
DA:467,600
FN:467,ModuleManager._withPreValidationHook
FNDA:600,ModuleManager._withPreValidationHook
DA:475,600
DA:476,600
BRDA:476,13,0,596
BRDA:476,13,1,4
DA:477,596
DA:479,4
DA:488,4
DA:492,30
FN:492,ModuleManager._installPreValidationHook
FNDA:30,ModuleManager._installPreValidationHook
DA:499,30
DA:500,30
DA:501,30
BRDA:501,14,0,16
BRDA:501,14,1,14
DA:502,16
DA:503,14
BRDA:503,15,0,14
DA:504,14
DA:508,16
FN:508,ModuleManager._installPreValidationHook4337
FNDA:16,ModuleManager._installPreValidationHook4337
DA:513,16
DA:514,16
BRDA:514,16,0,1
DA:515,1
DA:519,15
DA:522,14
FN:522,ModuleManager._installPreValidationHook1271
FNDA:14,ModuleManager._installPreValidationHook1271
DA:527,14
DA:528,14
BRDA:528,17,0,1
DA:529,1
DA:533,13
DA:536,6
FN:536,ModuleManager._uninstallPreValidationHook
FNDA:6,ModuleManager._uninstallPreValidationHook
DA:543,6
DA:544,6
DA:545,6
BRDA:545,18,0,4
BRDA:545,18,1,2
DA:546,4
DA:547,2
BRDA:547,19,0,2
DA:548,2
DA:552,866
FN:552,ModuleManager.getPrevalidationHook
FNDA:866,ModuleManager.getPrevalidationHook
DA:553,866
BRDA:553,20,0,603
BRDA:553,20,1,1
DA:554,603
DA:555,263
BRDA:555,21,0,262
BRDA:555,21,1,1
DA:556,262
DA:558,1
DA:562,14
FN:562,ModuleManager._isPreValidationHookInstalled
FNDA:14,ModuleManager._isPreValidationHookInstalled
DA:570,14
DA:571,14
BRDA:571,22,0,7
BRDA:571,22,1,7
DA:572,7
DA:573,7
BRDA:573,23,0,7
DA:574,7
DA:587,7
FN:587,ModuleManager._multiTypeInstall
FNDA:7,ModuleManager._multiTypeInstall
DA:594,7
DA:595,7
DA:596,7
DA:602,0
DA:603,0
DA:604,0
DA:606,0
DA:607,0
DA:608,0
DA:610,0
DA:611,0
DA:612,0
DA:613,0
DA:615,0
DA:616,0
DA:617,0
DA:620,7
DA:621,7
BRDA:621,24,0,1
DA:624,6
DA:625,13
DA:630,13
BRDA:630,25,0,3
BRDA:630,25,1,1
DA:631,3
DA:636,10
BRDA:636,26,0,3
BRDA:636,26,1,1
DA:637,3
DA:642,7
BRDA:642,27,0,1
BRDA:642,27,1,1
DA:643,1
DA:648,6
BRDA:648,28,0,1
BRDA:648,28,1,1
DA:649,1
DA:655,5
DA:656,3
DA:657,4
BRDA:657,29,0,4
BRDA:654,29,1,1
DA:658,4
DA:660,1
DA:665,5
DA:668,6
FN:668,ModuleManager._multiTypeUninstall
FNDA:6,ModuleManager._multiTypeUninstall
DA:675,6
DA:676,6
DA:677,6
DA:683,0
DA:684,0
DA:685,0
DA:687,0
DA:688,0
DA:689,0
DA:691,0
DA:692,0
DA:693,0
DA:694,0
DA:696,0
DA:697,0
DA:698,0
DA:701,6
DA:702,6
BRDA:702,30,0,1
DA:705,5
DA:706,13
DA:711,13
BRDA:711,31,0,3
BRDA:711,31,1,1
DA:712,3
DA:717,10
BRDA:717,32,0,3
BRDA:717,32,1,1
DA:718,3
DA:723,7
BRDA:723,33,0,2
BRDA:723,33,1,1
DA:724,2
DA:729,5
BRDA:729,34,0,2
BRDA:729,34,1,1
DA:730,2
DA:736,3
DA:737,2
DA:738,2
BRDA:738,35,0,2
BRDA:735,35,1,1
DA:739,2
DA:741,1
DA:746,4
FNF:33
FNH:33
LF:212
LH:182
BRF:54
BRH:53
end_of_record
TN:
SF:src/core/RegistryAdapter.sol
DA:18,14
FN:18,RegistryAdapter.withRegistry
FNDA:14,RegistryAdapter.withRegistry
DA:19,14
DA:27,772
FN:27,RegistryAdapter._checkRegistry
FNDA:772,RegistryAdapter._checkRegistry
DA:28,772
DA:29,772
BRDA:29,0,0,772
DA:31,772
DA:38,103
FN:38,RegistryAdapter._configureRegistry
FNDA:103,RegistryAdapter._configureRegistry
DA:46,103
DA:48,103
BRDA:48,1,0,103
DA:49,103
DA:56,103
FNF:3
FNH:3
LF:11
LH:11
BRF:2
BRH:2
end_of_record
TN:
SF:src/core/SafeOp.sol
DA:27,266
FN:27,SafeOp.getSafeOp
FNDA:266,SafeOp.getSafeOp
DA:45,266
DA:46,266
DA:47,266
DA:48,266
DA:67,266
DA:84,266
DA:92,0
DA:95,266
DA:100,266
FN:100,SafeOp.domainSeparator
FNDA:266,SafeOp.domainSeparator
DA:101,266
DA:104,266
FN:104,SafeOp.unpackVerificationGasLimit
FNDA:266,SafeOp.unpackVerificationGasLimit
DA:109,266
DA:112,266
FN:112,SafeOp.unpackCallGasLimit
FNDA:266,SafeOp.unpackCallGasLimit
DA:113,266
DA:116,266
FN:116,SafeOp.unpackMaxPriorityFeePerGas
FNDA:266,SafeOp.unpackMaxPriorityFeePerGas
DA:121,266
DA:124,266
FN:124,SafeOp.unpackMaxFeePerGas
FNDA:266,SafeOp.unpackMaxFeePerGas
DA:125,266
FNF:6
FNH:6
LF:19
LH:18
BRF:0
BRH:0
end_of_record
TN:
SF:src/core/SetupDCUtil.sol
DA:12,92
FN:12,Safe7579DCUtilSetup.constructor
FNDA:92,Safe7579DCUtilSetup.constructor
DA:13,92
FNF:1
FNH:1
LF:2
LH:2
BRF:0
BRH:0
end_of_record
TN:
SF:src/core/SupportViewer.sol
DA:23,1
FN:23,SupportViewer.accountId
FNDA:1,SupportViewer.accountId
DA:24,1
DA:27,0
FN:27,SupportViewer.supportsExecutionMode
FNDA:0,SupportViewer.supportsExecutionMode
DA:28,0
DA:29,0
DA:32,0
DA:33,0
DA:35,0
BRDA:35,0,0,-
BRDA:35,0,1,-
DA:36,0
BRDA:36,1,0,-
BRDA:36,1,1,-
DA:37,0
BRDA:37,2,0,-
BRDA:37,2,1,-
DA:38,0
DA:40,0
BRDA:40,3,0,-
BRDA:40,3,1,-
DA:41,0
DA:45,0
FN:45,SupportViewer.supportsModule
FNDA:0,SupportViewer.supportsModule
DA:46,0
BRDA:46,5,0,-
BRDA:46,5,1,-
DA:47,0
BRDA:47,6,0,-
BRDA:47,6,1,-
DA:48,0
BRDA:48,7,0,-
BRDA:48,7,1,-
DA:49,0
FNF:3
FNH:1
LF:18
LH:2
BRF:14
BRH:0
end_of_record
TN:
SF:src/lib/ExecutionLib.sol
DA:20,9
FN:20,ExecutionLib.decodeBatch
FNDA:9,ExecutionLib.decodeBatch
DA:27,0
DA:28,0
DA:29,0
DA:30,0
DA:31,0
DA:32,0
BRDA:32,0,0,-
DA:33,0
DA:34,0
DA:36,0
BRDA:36,1,0,-
DA:39,0
DA:40,0
DA:41,0
DA:42,0
DA:43,0
DA:44,0
DA:46,0
BRDA:46,2,0,-
DA:48,0
DA:49,0
DA:51,0
BRDA:51,3,0,-
DA:57,0
FN:57,ExecutionLib.encodeBatch
FNDA:0,ExecutionLib.encodeBatch
DA:62,0
DA:65,186
FN:65,ExecutionLib.decodeSingle
FNDA:186,ExecutionLib.decodeSingle
DA:70,186
DA:71,186
DA:72,186
DA:75,0
FN:75,ExecutionLib.encodeSingle
FNDA:0,ExecutionLib.encodeSingle
DA:84,0
FNF:4
FNH:2
LF:28
LH:5
BRF:4
BRH:0
end_of_record
TN:
SF:src/lib/ModeLib.sol
DA:89,0
FN:89,ModeLib.decode
FNDA:0,ModeLib.decode
DA:101,0
DA:102,0
DA:103,0
DA:104,0
DA:108,204
FN:108,ModeLib.encode
FNDA:204,ModeLib.encode
DA:118,204
DA:125,7
FN:125,ModeLib.encodeSimpleBatch
FNDA:7,ModeLib.encodeSimpleBatch
DA:126,7
DA:129,183
FN:129,ModeLib.encodeSimpleSingle
FNDA:183,ModeLib.encodeSimpleSingle
DA:130,183
DA:133,0
FN:133,ModeLib.getCallType
FNDA:0,ModeLib.getCallType
DA:136,0
FNF:5
FNH:3
LF:13
LH:6
BRF:0
BRH:0
end_of_record
TN:
SF:src/utils/DCUtil.sol
DA:9,743
FN:9,ModuleInstallUtil.installModule
FNDA:743,ModuleInstallUtil.installModule
DA:16,743
DA:17,743
DA:20,17
FN:20,ModuleInstallUtil.unInstallModule
FNDA:17,ModuleInstallUtil.unInstallModule
DA:27,17
DA:28,17
DA:33,1
FN:33,BatchedExecUtil.tryExecute
FNDA:1,BatchedExecUtil.tryExecute
DA:34,1
DA:36,1
DA:37,2
DA:38,2
DA:42,4
FN:42,BatchedExecUtil.execute
FNDA:4,BatchedExecUtil.execute
DA:43,4
DA:45,4
DA:46,8
DA:47,8
DA:51,3
FN:51,BatchedExecUtil.executeReturn
FNDA:3,BatchedExecUtil.executeReturn
DA:55,3
DA:56,3
DA:58,3
DA:59,6
DA:60,6
DA:64,1
FN:64,BatchedExecUtil.tryExecuteReturn
FNDA:1,BatchedExecUtil.tryExecuteReturn
DA:68,1
DA:69,1
DA:70,1
DA:72,1
DA:73,2
DA:74,2
DA:78,14
FN:78,BatchedExecUtil._execute
FNDA:14,BatchedExecUtil._execute
DA:89,0
DA:90,0
DA:91,0
BRDA:91,0,0,-
DA:93,0
DA:94,0
DA:96,0
DA:97,0
DA:98,0
DA:99,0
DA:103,4
FN:103,BatchedExecUtil._tryExecute
FNDA:4,BatchedExecUtil._tryExecute
DA:114,0
DA:115,0
DA:116,0
DA:117,0
DA:118,0
DA:119,0
DA:120,0
DA:126,266
FN:126,Safe7579DCUtil.staticCall
FNDA:266,Safe7579DCUtil.staticCall
DA:129,0
DA:130,0
DA:131,0
DA:132,0
BRDA:132,0,0,-
DA:133,0
FNF:9
FNH:9
LF:53
LH:32
BRF:2
BRH:0
end_of_record
TN:
SF:src/utils/Safe7579UserOperationBuilder.sol
DA:15,0
FN:15,Safe7579UserOperationBuilder.constructor
FNDA:0,Safe7579UserOperationBuilder.constructor
DA:16,0
DA:19,0
FN:19,Safe7579UserOperationBuilder.entryPoint
FNDA:0,Safe7579UserOperationBuilder.entryPoint
DA:20,0
DA:23,0
FN:23,Safe7579UserOperationBuilder.getNonce
FNDA:0,Safe7579UserOperationBuilder.getNonce
DA:31,0
DA:32,0
DA:33,0
DA:36,0
FN:36,Safe7579UserOperationBuilder.getCallData
FNDA:0,Safe7579UserOperationBuilder.getCallData
DA:45,0
BRDA:45,0,0,-
DA:46,0
DA:48,0
BRDA:48,1,0,-
BRDA:48,1,1,-
DA:49,0
DA:59,0
DA:67,0
FN:67,Safe7579UserOperationBuilder.getDummySignature
FNDA:0,Safe7579UserOperationBuilder.getDummySignature
DA:76,0
DA:77,0
DA:87,0
FN:87,Safe7579UserOperationBuilder.getSignature
FNDA:0,Safe7579UserOperationBuilder.getSignature
DA:96,0
BRDA:96,2,0,-
BRDA:96,2,1,-
DA:98,0
DA:103,0
DA:105,0
DA:117,0
DA:118,0
DA:119,0
DA:120,0
FNF:6
FNH:0
LF:26
LH:0
BRF:5
BRH:0
end_of_record
TN:
SF:test/Bricked.t.sol
DA:33,2
FN:33,RevertTarget.set
FNDA:2,RevertTarget.set
DA:34,2
FNF:1
FNH:1
LF:2
LH:2
BRF:0
BRH:0
end_of_record
TN:
SF:test/ERC7579Compliance/Base.t.sol
DA:12,0
FN:12,MockModule.onInstall
FNDA:0,MockModule.onInstall
DA:14,0
FN:14,MockModule.onUninstall
FNDA:0,MockModule.onUninstall
DA:16,0
FN:16,MockModule.isModuleType
FNDA:0,MockModule.isModuleType
DA:17,0
DA:20,0
FN:20,MockModule.isInitialized
FNDA:0,MockModule.isInitialized
DA:21,0
DA:24,0
FN:24,MockModule.validateUserOp
FNDA:0,MockModule.validateUserOp
DA:32,0
DA:35,0
FN:35,MockModule.isValidSignatureWithSender
FNDA:0,MockModule.isValidSignatureWithSender
DA:45,0
DA:48,4
FN:48,MockModule.preCheck
FNDA:4,MockModule.preCheck
DA:58,0
FN:58,MockModule.postCheck
FNDA:0,MockModule.postCheck
DA:66,526
FN:66,BaseTest.asEntryPoint
FNDA:526,BaseTest.asEntryPoint
DA:67,526
DA:69,526
DA:72,77
FN:72,BaseTest.setUp
FNDA:77,BaseTest.setUp
DA:73,0
DA:74,77
DA:76,0
DA:77,77
DA:78,77
DA:81,281
FN:81,BaseTest.installUnitTestAsModule
FNDA:281,BaseTest.installUnitTestAsModule
DA:82,281
DA:83,281
DA:88,77
FN:88,BaseTest.initFirstExec
FNDA:77,BaseTest.initFirstExec
DA:90,77
DA:93,77
DA:101,77
DA:102,77
DA:103,77
DA:104,77
DA:107,77
DA:108,77
DA:111,77
DA:114,77
FNF:12
FNH:5
LF:35
LH:22
BRF:0
BRH:0
end_of_record
TN:
SF:test/Launchpad.t.sol
DA:61,91
FN:61,LaunchpadBase.setUp
FNDA:91,LaunchpadBase.setUp
DA:63,91
DA:64,91
DA:65,91
DA:66,91
DA:67,91
DA:68,91
DA:71,91
DA:72,91
DA:73,91
DA:75,91
DA:77,91
DA:78,91
DA:79,91
DA:80,91
DA:81,91
DA:82,91
DA:84,91
DA:114,91
DA:116,91
DA:117,91
DA:119,91
DA:120,91
DA:123,91
DA:124,91
DA:127,91
DA:134,91
DA:135,91
DA:136,91
DA:140,91
DA:141,91
DA:142,91
DA:143,91
DA:145,91
DA:146,91
DA:148,91
DA:150,91
DA:153,93
FN:153,LaunchpadBase._initCode
FNDA:93,LaunchpadBase._initCode
DA:161,93
DA:170,693
FN:170,LaunchpadBase.getDefaultUserOp
FNDA:693,LaunchpadBase.getDefaultUserOp
DA:178,693
FNF:3
FNH:3
LF:41
LH:41
BRF:0
BRH:0
end_of_record
TN:
SF:test/dependencies/EntryPoint.sol
DA:14,92
FN:14,EntryPointSimulationsPatch.init
FNDA:92,EntryPointSimulationsPatch.init
DA:15,92
DA:16,0
DA:19,187
FN:19,EntryPointSimulationsPatch.initSenderCreator
FNDA:187,EntryPointSimulationsPatch.initSenderCreator
DA:21,187
DA:24,187
DA:27,188
FN:27,EntryPointSimulationsPatch.senderCreator
FNDA:188,EntryPointSimulationsPatch.senderCreator
DA:28,188
FNF:3
FNH:3
LF:8
LH:7
BRF:0
BRH:0
end_of_record
TN:
SF:test/flavors/ExistingSafe.t.sol
DA:8,4
FN:8,ExistingSafe.setUp
FNDA:4,ExistingSafe.setUp
DA:9,0
DA:11,0
DA:14,4
FN:14,ExistingSafe.makeExistingSafe
FNDA:4,ExistingSafe.makeExistingSafe
DA:15,4
DA:17,4
DA:21,4
DA:26,4
DA:28,4
DA:29,4
DA:31,4
DA:32,4
DA:34,4
DA:35,4
DA:36,4
DA:48,0
DA:49,4
DA:50,4
DA:51,4
DA:52,0
DA:53,0
DA:55,4
DA:68,4
DA:69,4
DA:71,4
DA:88,4
FN:88,ExistingSafe.signHash
FNDA:4,ExistingSafe.signHash
DA:89,4
DA:92,4
DA:93,4
BRDA:93,0,0,4
BRDA:93,0,1,-
DA:95,4
FNF:3
FNH:3
LF:30
LH:25
BRF:2
BRH:1
end_of_record
TN:
SF:test/mocks/MockExecutor.sol
DA:23,2
FN:23,MockExecutor.executeViaAccount
FNDA:2,MockExecutor.executeViaAccount
DA:32,2
DA:37,2
FN:37,MockExecutor.execBatch
FNDA:2,MockExecutor.execBatch
DA:44,2
DA:49,1
FN:49,MockExecutor.executeDelegateCallViaAccount
FNDA:1,MockExecutor.executeDelegateCallViaAccount
DA:57,1
DA:59,1
DA:67,1
FN:67,MockExecutor.tryExecuteDelegateCallViaAccount
FNDA:1,MockExecutor.tryExecuteDelegateCallViaAccount
DA:75,1
DA:77,1
DA:85,1
FN:85,MockExecutor.executeUnsupportedCallType
FNDA:1,MockExecutor.executeUnsupportedCallType
DA:93,1
DA:101,1
FN:101,MockExecutor.executeUnsupportedExecType
FNDA:1,MockExecutor.executeUnsupportedExecType
DA:109,1
FNF:6
FNH:6
LF:14
LH:14
BRF:0
BRH:0
end_of_record
TN:
SF:test/mocks/MockFallback.sol
DA:9,4
FN:9,MockFallback.target
FNDA:4,MockFallback.target
DA:13,4
DA:14,4
DA:15,4
DA:18,1
FN:18,MockFallback.target2
FNDA:1,MockFallback.target2
DA:22,1
DA:23,1
DA:24,1
DA:28,4
FN:28,MockFallback.incrementCounter
FNDA:4,MockFallback.incrementCounter
DA:29,4
DA:30,3
DA:34,1
FN:34,MockFallback.getCounterAndCaller
FNDA:1,MockFallback.getCounterAndCaller
DA:35,1
DA:39,3
FN:39,MockFallback.resetCounter
FNDA:3,MockFallback.resetCounter
DA:40,3
DA:44,1
FN:44,MockFallback.onERC721Received
FNDA:1,MockFallback.onERC721Received
DA:54,1
DA:58,1
FN:58,MockFallback.onERC1155Received
FNDA:1,MockFallback.onERC1155Received
DA:69,1
DA:73,1
FN:73,MockFallback.onERC1155BatchReceived
FNDA:1,MockFallback.onERC1155BatchReceived
DA:84,1
DA:85,1
FNF:8
FNH:8
LF:22
LH:22
BRF:0
BRH:0
end_of_record
TN:
SF:test/mocks/MockPrevalidationHook.sol
DA:19,0
FN:19,MockPreValidationHook.onInstall
FNDA:0,MockPreValidationHook.onInstall
DA:21,0
FN:21,MockPreValidationHook.onUninstall
FNDA:0,MockPreValidationHook.onUninstall
DA:23,0
FN:23,MockPreValidationHook.isModuleType
FNDA:0,MockPreValidationHook.isModuleType
DA:24,0
DA:25,0
DA:28,0
FN:28,MockPreValidationHook.isInitialized
FNDA:0,MockPreValidationHook.isInitialized
DA:29,0
DA:32,9
FN:32,MockPreValidationHook.setWillModify
FNDA:9,MockPreValidationHook.setWillModify
DA:33,9
DA:36,9
FN:36,MockPreValidationHook.setReturnValues
FNDA:9,MockPreValidationHook.setReturnValues
DA:37,9
DA:38,9
DA:41,5
FN:41,MockPreValidationHook.preValidationHookERC1271
FNDA:5,MockPreValidationHook.preValidationHookERC1271
DA:50,5
BRDA:50,0,0,5
BRDA:50,0,1,-
DA:51,5
DA:53,0
DA:57,4
FN:57,MockPreValidationHook.preValidationHookERC4337
FNDA:4,MockPreValidationHook.preValidationHookERC4337
DA:66,4
BRDA:66,1,0,4
BRDA:66,1,1,-
DA:67,4
DA:69,0
FNF:8
FNH:4
LF:20
LH:11
BRF:4
BRH:2
end_of_record
TN:
SF:test/mocks/MockRegistry.sol
DA:11,0
FN:11,MockRegistry.check
FNDA:0,MockRegistry.check
DA:13,0
FN:13,MockRegistry.checkForAccount
FNDA:0,MockRegistry.checkForAccount
DA:15,0
FN:15,MockRegistry.check
FNDA:0,MockRegistry.check
DA:17,0
FN:17,MockRegistry.checkForAccount
FNDA:0,MockRegistry.checkForAccount
DA:27,0
FN:27,MockRegistry.check
FNDA:0,MockRegistry.check
DA:29,0
FN:29,MockRegistry.check
FNDA:0,MockRegistry.check
DA:39,103
FN:39,MockRegistry.trustAttesters
FNDA:103,MockRegistry.trustAttesters
DA:40,103
DA:41,103
FNF:7
FNH:1
LF:9
LH:3
BRF:0
BRH:0
end_of_record
TN:
SF:test/mocks/MockTarget.sol
DA:10,198
FN:10,MockTarget.set
FNDA:198,MockTarget.set
DA:11,198
BRDA:11,0,0,1
DA:12,197
DA:13,197
DA:14,0
DA:17,1
FN:17,MockTarget.setAccessControl
FNDA:1,MockTarget.setAccessControl
DA:18,1
BRDA:18,1,0,1
DA:19,1
DA:21,0
DA:22,0
DA:25,1
FN:25,MockTarget.delegateCallTest
FNDA:1,MockTarget.delegateCallTest
DA:27,1
BRDA:27,2,0,-
DA:28,0
FNF:3
FNH:3
LF:13
LH:9
BRF:3
BRH:2
end_of_record
TN:
SF:test/mocks/MockValidator.sol
DA:8,0
FN:8,MockValidator.validateUserOp
FNDA:0,MockValidator.validateUserOp
DA:16,0
DA:18,0
FNF:1
FNH:0
LF:3
LH:0
BRF:0
BRH:0
end_of_record
TN:
SF:test/mocks/MockValidatorV2.sol
DA:12,0
FN:12,MockValidatorV2.onInstall
FNDA:0,MockValidatorV2.onInstall
DA:13,0
FN:13,MockValidatorV2.onUninstall
FNDA:0,MockValidatorV2.onUninstall
DA:15,2
FN:15,MockValidatorV2.setReturnValidSignature
FNDA:2,MockValidatorV2.setReturnValidSignature
DA:16,2
DA:19,2
FN:19,MockValidatorV2.setValidateUserOpReturnValue
FNDA:2,MockValidatorV2.setValidateUserOpReturnValue
DA:20,2
DA:23,2
FN:23,MockValidatorV2.validateUserOp
FNDA:2,MockValidatorV2.validateUserOp
DA:31,2
DA:34,2
FN:34,MockValidatorV2.isValidSignatureWithSender
FNDA:2,MockValidatorV2.isValidSignatureWithSender
DA:44,2
FNF:6
FNH:4
LF:10
LH:8
BRF:0
BRH:0
end_of_record
